/*C4*/SET SCHEMA PUBLIC
CREATE TABLE junit_numberseries ( serieskey VARCHAR(255)  NOT NULL ,seriestype int default 0  ,currentValue bigint  ,template VARCHAR(255)   , CONSTRAINT PK_50d75d177c0 PRIMARY KEY  ( serieskey ) )
/*C14*/SET SCHEMA PUBLIC
DISCONNECT
/*C3*/SET SCHEMA PUBLIC
INSERT INTO TASKS_AUX_WORKERS VALUES(0,NULL,'2023-06-04 15:20:00.843683',0,'',0)
COMMIT
DELETE FROM TASKS_AUX_WORKERS WHERE ID=0 AND RANGES IS NULL AND HEALTH_CHECK='2023-06-04 15:20:00.843683' AND EXCLUSIVE_MODE=0 AND NODE_GROUPS='' AND IS_ACTIVE=0
INSERT INTO TASKS_AUX_WORKERS VALUES(0,NULL,'2023-06-04 15:20:10.861512',0,'',0)
COMMIT
DELETE FROM TASKS_AUX_SCHEDULER WHERE ID='scheduler' AND LAST_ACTIVITY_TS='2023-06-04 15:16:24.224' AND VERSION=4
INSERT INTO TASKS_AUX_SCHEDULER VALUES('scheduler','2023-06-04 15:20:10.866',4)
COMMIT
DELETE FROM TASKS_AUX_WORKERS WHERE ID=0 AND RANGES IS NULL AND HEALTH_CHECK='2023-06-04 15:20:10.861512' AND EXCLUSIVE_MODE=0 AND NODE_GROUPS='' AND IS_ACTIVE=0
INSERT INTO TASKS_AUX_WORKERS VALUES(0,'0, 1000','2023-06-04 15:20:10.861512',0,'',1)
COMMIT
DELETE FROM TASKS_AUX_WORKERS WHERE ID=0 AND RANGES='0, 1000' AND HEALTH_CHECK='2023-06-04 15:20:10.861512' AND EXCLUSIVE_MODE=0 AND NODE_GROUPS='' AND IS_ACTIVE=1
INSERT INTO TASKS_AUX_WORKERS VALUES(0,'0, 1000','2023-06-04 15:20:20.998457',0,'',1)
COMMIT
DELETE FROM TASKS_AUX_SCHEDULER WHERE ID='scheduler' AND LAST_ACTIVITY_TS='2023-06-04 15:20:10.866' AND VERSION=4
INSERT INTO TASKS_AUX_SCHEDULER VALUES('scheduler','2023-06-04 15:20:21.000',4)
COMMIT
DELETE FROM TASKS_AUX_WORKERS WHERE ID=0 AND RANGES='0, 1000' AND HEALTH_CHECK='2023-06-04 15:20:20.998457' AND EXCLUSIVE_MODE=0 AND NODE_GROUPS='' AND IS_ACTIVE=1
INSERT INTO TASKS_AUX_WORKERS VALUES(0,'0, 1000','2023-06-04 15:20:20.998457',0,'',1)
COMMIT
DELETE FROM TASKS_AUX_WORKERS WHERE ID=0 AND RANGES='0, 1000' AND HEALTH_CHECK='2023-06-04 15:20:20.998457' AND EXCLUSIVE_MODE=0 AND NODE_GROUPS='' AND IS_ACTIVE=1
INSERT INTO TASKS_AUX_WORKERS VALUES(0,'0, 1000','2023-06-04 15:20:31.009034',0,'',1)
COMMIT
DELETE FROM TASKS_AUX_SCHEDULER WHERE ID='scheduler' AND LAST_ACTIVITY_TS='2023-06-04 15:20:21.000' AND VERSION=4
INSERT INTO TASKS_AUX_SCHEDULER VALUES('scheduler','2023-06-04 15:20:31.011',4)
COMMIT
DELETE FROM TASKS_AUX_WORKERS WHERE ID=0 AND RANGES='0, 1000' AND HEALTH_CHECK='2023-06-04 15:20:31.009034' AND EXCLUSIVE_MODE=0 AND NODE_GROUPS='' AND IS_ACTIVE=1
INSERT INTO TASKS_AUX_WORKERS VALUES(0,'0, 1000','2023-06-04 15:20:31.009034',0,'',1)
COMMIT
DELETE FROM TASKS_AUX_WORKERS WHERE ID=0 AND RANGES='0, 1000' AND HEALTH_CHECK='2023-06-04 15:20:31.009034' AND EXCLUSIVE_MODE=0 AND NODE_GROUPS='' AND IS_ACTIVE=1
INSERT INTO TASKS_AUX_WORKERS VALUES(0,'0, 1000','2023-06-04 15:20:41.019527',0,'',1)
COMMIT
DELETE FROM TASKS_AUX_SCHEDULER WHERE ID='scheduler' AND LAST_ACTIVITY_TS='2023-06-04 15:20:31.011' AND VERSION=4
INSERT INTO TASKS_AUX_SCHEDULER VALUES('scheduler','2023-06-04 15:20:41.022',4)
COMMIT
DELETE FROM TASKS_AUX_WORKERS WHERE ID=0 AND RANGES='0, 1000' AND HEALTH_CHECK='2023-06-04 15:20:41.019527' AND EXCLUSIVE_MODE=0 AND NODE_GROUPS='' AND IS_ACTIVE=1
INSERT INTO TASKS_AUX_WORKERS VALUES(0,'0, 1000','2023-06-04 15:20:41.019527',0,'',1)
COMMIT
DELETE FROM TASKS_AUX_WORKERS WHERE ID=0 AND RANGES='0, 1000' AND HEALTH_CHECK='2023-06-04 15:20:41.019527' AND EXCLUSIVE_MODE=0 AND NODE_GROUPS='' AND IS_ACTIVE=1
INSERT INTO TASKS_AUX_WORKERS VALUES(0,'0, 1000','2023-06-04 15:20:51.030371',0,'',1)
COMMIT
DELETE FROM TASKS_AUX_SCHEDULER WHERE ID='scheduler' AND LAST_ACTIVITY_TS='2023-06-04 15:20:41.022' AND VERSION=4
INSERT INTO TASKS_AUX_SCHEDULER VALUES('scheduler','2023-06-04 15:20:51.033',4)
COMMIT
DELETE FROM TASKS_AUX_WORKERS WHERE ID=0 AND RANGES='0, 1000' AND HEALTH_CHECK='2023-06-04 15:20:51.030371' AND EXCLUSIVE_MODE=0 AND NODE_GROUPS='' AND IS_ACTIVE=1
INSERT INTO TASKS_AUX_WORKERS VALUES(0,'0, 1000','2023-06-04 15:20:51.030371',0,'',1)
COMMIT
DELETE FROM TASKS_AUX_WORKERS WHERE ID=0 AND RANGES='0, 1000' AND HEALTH_CHECK='2023-06-04 15:20:51.030371' AND EXCLUSIVE_MODE=0 AND NODE_GROUPS='' AND IS_ACTIVE=1
INSERT INTO TASKS_AUX_WORKERS VALUES(0,'0, 1000','2023-06-04 15:21:01.041176',0,'',1)
COMMIT
DELETE FROM TASKS_AUX_SCHEDULER WHERE ID='scheduler' AND LAST_ACTIVITY_TS='2023-06-04 15:20:51.033' AND VERSION=4
INSERT INTO TASKS_AUX_SCHEDULER VALUES('scheduler','2023-06-04 15:21:01.044',4)
COMMIT
DELETE FROM TASKS_AUX_WORKERS WHERE ID=0 AND RANGES='0, 1000' AND HEALTH_CHECK='2023-06-04 15:21:01.041176' AND EXCLUSIVE_MODE=0 AND NODE_GROUPS='' AND IS_ACTIVE=1
INSERT INTO TASKS_AUX_WORKERS VALUES(0,'0, 1000','2023-06-04 15:21:01.041176',0,'',1)
COMMIT
DELETE FROM TASKS_AUX_WORKERS WHERE ID=0 AND RANGES='0, 1000' AND HEALTH_CHECK='2023-06-04 15:21:01.041176' AND EXCLUSIVE_MODE=0 AND NODE_GROUPS='' AND IS_ACTIVE=1
INSERT INTO TASKS_AUX_WORKERS VALUES(0,'0, 1000','2023-06-04 15:21:11.052486',0,'',1)
COMMIT
DELETE FROM TASKS_AUX_SCHEDULER WHERE ID='scheduler' AND LAST_ACTIVITY_TS='2023-06-04 15:21:01.044' AND VERSION=4
INSERT INTO TASKS_AUX_SCHEDULER VALUES('scheduler','2023-06-04 15:21:11.054',4)
COMMIT
DELETE FROM TASKS_AUX_WORKERS WHERE ID=0 AND RANGES='0, 1000' AND HEALTH_CHECK='2023-06-04 15:21:11.052486' AND EXCLUSIVE_MODE=0 AND NODE_GROUPS='' AND IS_ACTIVE=1
INSERT INTO TASKS_AUX_WORKERS VALUES(0,'0, 1000','2023-06-04 15:21:11.052486',0,'',1)
COMMIT
DELETE FROM TASKS_AUX_WORKERS WHERE ID=0 AND RANGES='0, 1000' AND HEALTH_CHECK='2023-06-04 15:21:11.052486' AND EXCLUSIVE_MODE=0 AND NODE_GROUPS='' AND IS_ACTIVE=1
INSERT INTO TASKS_AUX_WORKERS VALUES(0,'0, 1000','2023-06-04 15:21:21.062725',0,'',1)
COMMIT
DELETE FROM TASKS_AUX_SCHEDULER WHERE ID='scheduler' AND LAST_ACTIVITY_TS='2023-06-04 15:21:11.054' AND VERSION=4
INSERT INTO TASKS_AUX_SCHEDULER VALUES('scheduler','2023-06-04 15:21:21.064',4)
COMMIT
DELETE FROM TASKS_AUX_WORKERS WHERE ID=0 AND RANGES='0, 1000' AND HEALTH_CHECK='2023-06-04 15:21:21.062725' AND EXCLUSIVE_MODE=0 AND NODE_GROUPS='' AND IS_ACTIVE=1
INSERT INTO TASKS_AUX_WORKERS VALUES(0,'0, 1000','2023-06-04 15:21:21.062725',0,'',1)
COMMIT
DELETE FROM TASKS_AUX_WORKERS WHERE ID=0 AND RANGES='0, 1000' AND HEALTH_CHECK='2023-06-04 15:21:21.062725' AND EXCLUSIVE_MODE=0 AND NODE_GROUPS='' AND IS_ACTIVE=1
INSERT INTO TASKS_AUX_WORKERS VALUES(0,'0, 1000','2023-06-04 15:21:31.072373',0,'',1)
COMMIT
DELETE FROM TASKS_AUX_SCHEDULER WHERE ID='scheduler' AND LAST_ACTIVITY_TS='2023-06-04 15:21:21.064' AND VERSION=4
INSERT INTO TASKS_AUX_SCHEDULER VALUES('scheduler','2023-06-04 15:21:31.074',4)
COMMIT
DELETE FROM TASKS_AUX_WORKERS WHERE ID=0 AND RANGES='0, 1000' AND HEALTH_CHECK='2023-06-04 15:21:31.072373' AND EXCLUSIVE_MODE=0 AND NODE_GROUPS='' AND IS_ACTIVE=1
INSERT INTO TASKS_AUX_WORKERS VALUES(0,'0, 1000','2023-06-04 15:21:31.072373',0,'',1)
COMMIT
DELETE FROM TASKS_AUX_WORKERS WHERE ID=0 AND RANGES='0, 1000' AND HEALTH_CHECK='2023-06-04 15:21:31.072373' AND EXCLUSIVE_MODE=0 AND NODE_GROUPS='' AND IS_ACTIVE=1
INSERT INTO TASKS_AUX_WORKERS VALUES(0,'0, 1000','2023-06-04 15:21:41.082347',0,'',1)
COMMIT
DELETE FROM TASKS_AUX_SCHEDULER WHERE ID='scheduler' AND LAST_ACTIVITY_TS='2023-06-04 15:21:31.074' AND VERSION=4
INSERT INTO TASKS_AUX_SCHEDULER VALUES('scheduler','2023-06-04 15:21:41.084',4)
COMMIT
DELETE FROM TASKS_AUX_WORKERS WHERE ID=0 AND RANGES='0, 1000' AND HEALTH_CHECK='2023-06-04 15:21:41.082347' AND EXCLUSIVE_MODE=0 AND NODE_GROUPS='' AND IS_ACTIVE=1
INSERT INTO TASKS_AUX_WORKERS VALUES(0,'0, 1000','2023-06-04 15:21:41.082347',0,'',1)
COMMIT
DELETE FROM TASKS_AUX_WORKERS WHERE ID=0 AND RANGES='0, 1000' AND HEALTH_CHECK='2023-06-04 15:21:41.082347' AND EXCLUSIVE_MODE=0 AND NODE_GROUPS='' AND IS_ACTIVE=1
INSERT INTO TASKS_AUX_WORKERS VALUES(0,'0, 1000','2023-06-04 15:21:51.091715',0,'',1)
COMMIT
DELETE FROM TASKS_AUX_SCHEDULER WHERE ID='scheduler' AND LAST_ACTIVITY_TS='2023-06-04 15:21:41.084' AND VERSION=4
INSERT INTO TASKS_AUX_SCHEDULER VALUES('scheduler','2023-06-04 15:21:51.093',4)
COMMIT
DELETE FROM TASKS_AUX_WORKERS WHERE ID=0 AND RANGES='0, 1000' AND HEALTH_CHECK='2023-06-04 15:21:51.091715' AND EXCLUSIVE_MODE=0 AND NODE_GROUPS='' AND IS_ACTIVE=1
INSERT INTO TASKS_AUX_WORKERS VALUES(0,'0, 1000','2023-06-04 15:21:51.091715',0,'',1)
COMMIT
DELETE FROM TASKS_AUX_WORKERS WHERE ID=0 AND RANGES='0, 1000' AND HEALTH_CHECK='2023-06-04 15:21:51.091715' AND EXCLUSIVE_MODE=0 AND NODE_GROUPS='' AND IS_ACTIVE=1
INSERT INTO TASKS_AUX_WORKERS VALUES(0,'0, 1000','2023-06-04 15:22:01.101556',0,'',1)
COMMIT
DELETE FROM TASKS_AUX_SCHEDULER WHERE ID='scheduler' AND LAST_ACTIVITY_TS='2023-06-04 15:21:51.093' AND VERSION=4
INSERT INTO TASKS_AUX_SCHEDULER VALUES('scheduler','2023-06-04 15:22:01.104',4)
COMMIT
DELETE FROM TASKS_AUX_WORKERS WHERE ID=0 AND RANGES='0, 1000' AND HEALTH_CHECK='2023-06-04 15:22:01.101556' AND EXCLUSIVE_MODE=0 AND NODE_GROUPS='' AND IS_ACTIVE=1
INSERT INTO TASKS_AUX_WORKERS VALUES(0,'0, 1000','2023-06-04 15:22:01.101556',0,'',1)
COMMIT
DELETE FROM TASKS_AUX_WORKERS WHERE ID=0 AND RANGES='0, 1000' AND HEALTH_CHECK='2023-06-04 15:22:01.101556' AND EXCLUSIVE_MODE=0 AND NODE_GROUPS='' AND IS_ACTIVE=1
INSERT INTO TASKS_AUX_WORKERS VALUES(0,'0, 1000','2023-06-04 15:22:11.111419',0,'',1)
COMMIT
DELETE FROM TASKS_AUX_SCHEDULER WHERE ID='scheduler' AND LAST_ACTIVITY_TS='2023-06-04 15:22:01.104' AND VERSION=4
INSERT INTO TASKS_AUX_SCHEDULER VALUES('scheduler','2023-06-04 15:22:11.113',4)
COMMIT
DELETE FROM TASKS_AUX_WORKERS WHERE ID=0 AND RANGES='0, 1000' AND HEALTH_CHECK='2023-06-04 15:22:11.111419' AND EXCLUSIVE_MODE=0 AND NODE_GROUPS='' AND IS_ACTIVE=1
INSERT INTO TASKS_AUX_WORKERS VALUES(0,'0, 1000','2023-06-04 15:22:11.111419',0,'',1)
COMMIT
DELETE FROM TASKS_AUX_WORKERS WHERE ID=0 AND RANGES='0, 1000' AND HEALTH_CHECK='2023-06-04 15:22:11.111419' AND EXCLUSIVE_MODE=0 AND NODE_GROUPS='' AND IS_ACTIVE=1
INSERT INTO TASKS_AUX_WORKERS VALUES(0,'0, 1000','2023-06-04 15:22:21.120403',0,'',1)
COMMIT
DELETE FROM TASKS_AUX_SCHEDULER WHERE ID='scheduler' AND LAST_ACTIVITY_TS='2023-06-04 15:22:11.113' AND VERSION=4
INSERT INTO TASKS_AUX_SCHEDULER VALUES('scheduler','2023-06-04 15:22:21.122',4)
COMMIT
DELETE FROM TASKS_AUX_WORKERS WHERE ID=0 AND RANGES='0, 1000' AND HEALTH_CHECK='2023-06-04 15:22:21.120403' AND EXCLUSIVE_MODE=0 AND NODE_GROUPS='' AND IS_ACTIVE=1
INSERT INTO TASKS_AUX_WORKERS VALUES(0,'0, 1000','2023-06-04 15:22:21.120403',0,'',1)
COMMIT
DELETE FROM TASKS_AUX_WORKERS WHERE ID=0 AND RANGES='0, 1000' AND HEALTH_CHECK='2023-06-04 15:22:21.120403' AND EXCLUSIVE_MODE=0 AND NODE_GROUPS='' AND IS_ACTIVE=1
INSERT INTO TASKS_AUX_WORKERS VALUES(0,'0, 1000','2023-06-04 15:22:31.129626',0,'',1)
COMMIT
DELETE FROM TASKS_AUX_SCHEDULER WHERE ID='scheduler' AND LAST_ACTIVITY_TS='2023-06-04 15:22:21.122' AND VERSION=4
INSERT INTO TASKS_AUX_SCHEDULER VALUES('scheduler','2023-06-04 15:22:31.131',4)
COMMIT
DELETE FROM TASKS_AUX_WORKERS WHERE ID=0 AND RANGES='0, 1000' AND HEALTH_CHECK='2023-06-04 15:22:31.129626' AND EXCLUSIVE_MODE=0 AND NODE_GROUPS='' AND IS_ACTIVE=1
INSERT INTO TASKS_AUX_WORKERS VALUES(0,'0, 1000','2023-06-04 15:22:31.129626',0,'',1)
COMMIT
DELETE FROM TASKS_AUX_WORKERS WHERE ID=0 AND RANGES='0, 1000' AND HEALTH_CHECK='2023-06-04 15:22:31.129626' AND EXCLUSIVE_MODE=0 AND NODE_GROUPS='' AND IS_ACTIVE=1
INSERT INTO TASKS_AUX_WORKERS VALUES(0,'0, 1000','2023-06-04 15:22:41.139463',0,'',1)
COMMIT
DELETE FROM TASKS_AUX_SCHEDULER WHERE ID='scheduler' AND LAST_ACTIVITY_TS='2023-06-04 15:22:31.131' AND VERSION=4
INSERT INTO TASKS_AUX_SCHEDULER VALUES('scheduler','2023-06-04 15:22:41.141',4)
COMMIT
DELETE FROM TASKS_AUX_WORKERS WHERE ID=0 AND RANGES='0, 1000' AND HEALTH_CHECK='2023-06-04 15:22:41.139463' AND EXCLUSIVE_MODE=0 AND NODE_GROUPS='' AND IS_ACTIVE=1
INSERT INTO TASKS_AUX_WORKERS VALUES(0,'0, 1000','2023-06-04 15:22:41.139463',0,'',1)
COMMIT
DELETE FROM TASKS_AUX_WORKERS WHERE ID=0 AND RANGES='0, 1000' AND HEALTH_CHECK='2023-06-04 15:22:41.139463' AND EXCLUSIVE_MODE=0 AND NODE_GROUPS='' AND IS_ACTIVE=1
INSERT INTO TASKS_AUX_WORKERS VALUES(0,'0, 1000','2023-06-04 15:22:51.148369',0,'',1)
COMMIT
DELETE FROM TASKS_AUX_SCHEDULER WHERE ID='scheduler' AND LAST_ACTIVITY_TS='2023-06-04 15:22:41.141' AND VERSION=4
INSERT INTO TASKS_AUX_SCHEDULER VALUES('scheduler','2023-06-04 15:22:51.150',4)
COMMIT
DELETE FROM TASKS_AUX_WORKERS WHERE ID=0 AND RANGES='0, 1000' AND HEALTH_CHECK='2023-06-04 15:22:51.148369' AND EXCLUSIVE_MODE=0 AND NODE_GROUPS='' AND IS_ACTIVE=1
INSERT INTO TASKS_AUX_WORKERS VALUES(0,'0, 1000','2023-06-04 15:22:51.148369',0,'',1)
COMMIT
DELETE FROM TASKS_AUX_WORKERS WHERE ID=0 AND RANGES='0, 1000' AND HEALTH_CHECK='2023-06-04 15:22:51.148369' AND EXCLUSIVE_MODE=0 AND NODE_GROUPS='' AND IS_ACTIVE=1
INSERT INTO TASKS_AUX_WORKERS VALUES(0,'0, 1000','2023-06-04 15:23:01.157805',0,'',1)
COMMIT
DELETE FROM TASKS_AUX_SCHEDULER WHERE ID='scheduler' AND LAST_ACTIVITY_TS='2023-06-04 15:22:51.150' AND VERSION=4
INSERT INTO TASKS_AUX_SCHEDULER VALUES('scheduler','2023-06-04 15:23:01.159',4)
COMMIT
DELETE FROM TASKS_AUX_WORKERS WHERE ID=0 AND RANGES='0, 1000' AND HEALTH_CHECK='2023-06-04 15:23:01.157805' AND EXCLUSIVE_MODE=0 AND NODE_GROUPS='' AND IS_ACTIVE=1
INSERT INTO TASKS_AUX_WORKERS VALUES(0,'0, 1000','2023-06-04 15:23:01.157805',0,'',1)
COMMIT
DELETE FROM TASKS_AUX_WORKERS WHERE ID=0 AND RANGES='0, 1000' AND HEALTH_CHECK='2023-06-04 15:23:01.157805' AND EXCLUSIVE_MODE=0 AND NODE_GROUPS='' AND IS_ACTIVE=1
INSERT INTO TASKS_AUX_WORKERS VALUES(0,'0, 1000','2023-06-04 15:23:11.166918',0,'',1)
COMMIT
DELETE FROM TASKS_AUX_SCHEDULER WHERE ID='scheduler' AND LAST_ACTIVITY_TS='2023-06-04 15:23:01.159' AND VERSION=4
INSERT INTO TASKS_AUX_SCHEDULER VALUES('scheduler','2023-06-04 15:23:11.168',4)
COMMIT
DELETE FROM TASKS_AUX_WORKERS WHERE ID=0 AND RANGES='0, 1000' AND HEALTH_CHECK='2023-06-04 15:23:11.166918' AND EXCLUSIVE_MODE=0 AND NODE_GROUPS='' AND IS_ACTIVE=1
INSERT INTO TASKS_AUX_WORKERS VALUES(0,'0, 1000','2023-06-04 15:23:11.166918',0,'',1)
COMMIT
DELETE FROM TASKS_AUX_WORKERS WHERE ID=0 AND RANGES='0, 1000' AND HEALTH_CHECK='2023-06-04 15:23:11.166918' AND EXCLUSIVE_MODE=0 AND NODE_GROUPS='' AND IS_ACTIVE=1
INSERT INTO TASKS_AUX_WORKERS VALUES(0,'0, 1000','2023-06-04 15:23:21.175593',0,'',1)
COMMIT
DELETE FROM TASKS_AUX_SCHEDULER WHERE ID='scheduler' AND LAST_ACTIVITY_TS='2023-06-04 15:23:11.168' AND VERSION=4
INSERT INTO TASKS_AUX_SCHEDULER VALUES('scheduler','2023-06-04 15:23:21.177',4)
COMMIT
DELETE FROM TASKS_AUX_WORKERS WHERE ID=0 AND RANGES='0, 1000' AND HEALTH_CHECK='2023-06-04 15:23:21.175593' AND EXCLUSIVE_MODE=0 AND NODE_GROUPS='' AND IS_ACTIVE=1
INSERT INTO TASKS_AUX_WORKERS VALUES(0,'0, 1000','2023-06-04 15:23:21.175593',0,'',1)
COMMIT
DELETE FROM TASKS_AUX_WORKERS WHERE ID=0 AND RANGES='0, 1000' AND HEALTH_CHECK='2023-06-04 15:23:21.175593' AND EXCLUSIVE_MODE=0 AND NODE_GROUPS='' AND IS_ACTIVE=1
INSERT INTO TASKS_AUX_WORKERS VALUES(0,'0, 1000','2023-06-04 15:23:31.185384',0,'',1)
COMMIT
DELETE FROM TASKS_AUX_SCHEDULER WHERE ID='scheduler' AND LAST_ACTIVITY_TS='2023-06-04 15:23:21.177' AND VERSION=4
INSERT INTO TASKS_AUX_SCHEDULER VALUES('scheduler','2023-06-04 15:23:31.187',4)
COMMIT
DELETE FROM TASKS_AUX_WORKERS WHERE ID=0 AND RANGES='0, 1000' AND HEALTH_CHECK='2023-06-04 15:23:31.185384' AND EXCLUSIVE_MODE=0 AND NODE_GROUPS='' AND IS_ACTIVE=1
INSERT INTO TASKS_AUX_WORKERS VALUES(0,'0, 1000','2023-06-04 15:23:31.185384',0,'',1)
COMMIT
DELETE FROM TASKS_AUX_WORKERS WHERE ID=0 AND RANGES='0, 1000' AND HEALTH_CHECK='2023-06-04 15:23:31.185384' AND EXCLUSIVE_MODE=0 AND NODE_GROUPS='' AND IS_ACTIVE=1
INSERT INTO TASKS_AUX_WORKERS VALUES(0,'0, 1000','2023-06-04 15:23:41.194300',0,'',1)
COMMIT
DELETE FROM TASKS_AUX_SCHEDULER WHERE ID='scheduler' AND LAST_ACTIVITY_TS='2023-06-04 15:23:31.187' AND VERSION=4
INSERT INTO TASKS_AUX_SCHEDULER VALUES('scheduler','2023-06-04 15:23:41.196',4)
COMMIT
DELETE FROM TASKS_AUX_WORKERS WHERE ID=0 AND RANGES='0, 1000' AND HEALTH_CHECK='2023-06-04 15:23:41.194300' AND EXCLUSIVE_MODE=0 AND NODE_GROUPS='' AND IS_ACTIVE=1
INSERT INTO TASKS_AUX_WORKERS VALUES(0,'0, 1000','2023-06-04 15:23:41.194300',0,'',1)
COMMIT
DELETE FROM TASKS_AUX_WORKERS WHERE ID=0 AND RANGES='0, 1000' AND HEALTH_CHECK='2023-06-04 15:23:41.194300' AND EXCLUSIVE_MODE=0 AND NODE_GROUPS='' AND IS_ACTIVE=1
INSERT INTO TASKS_AUX_WORKERS VALUES(0,'0, 1000','2023-06-04 15:23:51.203759',0,'',1)
COMMIT
DELETE FROM TASKS_AUX_SCHEDULER WHERE ID='scheduler' AND LAST_ACTIVITY_TS='2023-06-04 15:23:41.196' AND VERSION=4
INSERT INTO TASKS_AUX_SCHEDULER VALUES('scheduler','2023-06-04 15:23:51.205',4)
COMMIT
DELETE FROM TASKS_AUX_WORKERS WHERE ID=0 AND RANGES='0, 1000' AND HEALTH_CHECK='2023-06-04 15:23:51.203759' AND EXCLUSIVE_MODE=0 AND NODE_GROUPS='' AND IS_ACTIVE=1
INSERT INTO TASKS_AUX_WORKERS VALUES(0,'0, 1000','2023-06-04 15:23:51.203759',0,'',1)
COMMIT
DELETE FROM TASKS_AUX_WORKERS WHERE ID=0 AND RANGES='0, 1000' AND HEALTH_CHECK='2023-06-04 15:23:51.203759' AND EXCLUSIVE_MODE=0 AND NODE_GROUPS='' AND IS_ACTIVE=1
INSERT INTO TASKS_AUX_WORKERS VALUES(0,'0, 1000','2023-06-04 15:24:01.212393',0,'',1)
COMMIT
DELETE FROM TASKS_AUX_SCHEDULER WHERE ID='scheduler' AND LAST_ACTIVITY_TS='2023-06-04 15:23:51.205' AND VERSION=4
INSERT INTO TASKS_AUX_SCHEDULER VALUES('scheduler','2023-06-04 15:24:01.214',4)
COMMIT
DELETE FROM TASKS_AUX_WORKERS WHERE ID=0 AND RANGES='0, 1000' AND HEALTH_CHECK='2023-06-04 15:24:01.212393' AND EXCLUSIVE_MODE=0 AND NODE_GROUPS='' AND IS_ACTIVE=1
INSERT INTO TASKS_AUX_WORKERS VALUES(0,'0, 1000','2023-06-04 15:24:01.212393',0,'',1)
COMMIT
DELETE FROM TASKS_AUX_WORKERS WHERE ID=0 AND RANGES='0, 1000' AND HEALTH_CHECK='2023-06-04 15:24:01.212393' AND EXCLUSIVE_MODE=0 AND NODE_GROUPS='' AND IS_ACTIVE=1
INSERT INTO TASKS_AUX_WORKERS VALUES(0,'0, 1000','2023-06-04 15:24:11.220962',0,'',1)
COMMIT
DELETE FROM TASKS_AUX_SCHEDULER WHERE ID='scheduler' AND LAST_ACTIVITY_TS='2023-06-04 15:24:01.214' AND VERSION=4
INSERT INTO TASKS_AUX_SCHEDULER VALUES('scheduler','2023-06-04 15:24:11.222',4)
COMMIT
DELETE FROM TASKS_AUX_WORKERS WHERE ID=0 AND RANGES='0, 1000' AND HEALTH_CHECK='2023-06-04 15:24:11.220962' AND EXCLUSIVE_MODE=0 AND NODE_GROUPS='' AND IS_ACTIVE=1
INSERT INTO TASKS_AUX_WORKERS VALUES(0,'0, 1000','2023-06-04 15:24:11.220962',0,'',1)
COMMIT
DELETE FROM TASKS_AUX_WORKERS WHERE ID=0 AND RANGES='0, 1000' AND HEALTH_CHECK='2023-06-04 15:24:11.220962' AND EXCLUSIVE_MODE=0 AND NODE_GROUPS='' AND IS_ACTIVE=1
INSERT INTO TASKS_AUX_WORKERS VALUES(0,'0, 1000','2023-06-04 15:24:21.230187',0,'',1)
COMMIT
DELETE FROM TASKS_AUX_SCHEDULER WHERE ID='scheduler' AND LAST_ACTIVITY_TS='2023-06-04 15:24:11.222' AND VERSION=4
INSERT INTO TASKS_AUX_SCHEDULER VALUES('scheduler','2023-06-04 15:24:21.232',4)
COMMIT
DELETE FROM TASKS_AUX_WORKERS WHERE ID=0 AND RANGES='0, 1000' AND HEALTH_CHECK='2023-06-04 15:24:21.230187' AND EXCLUSIVE_MODE=0 AND NODE_GROUPS='' AND IS_ACTIVE=1
INSERT INTO TASKS_AUX_WORKERS VALUES(0,'0, 1000','2023-06-04 15:24:21.230187',0,'',1)
COMMIT
DELETE FROM TASKS_AUX_WORKERS WHERE ID=0 AND RANGES='0, 1000' AND HEALTH_CHECK='2023-06-04 15:24:21.230187' AND EXCLUSIVE_MODE=0 AND NODE_GROUPS='' AND IS_ACTIVE=1
INSERT INTO TASKS_AUX_WORKERS VALUES(0,'0, 1000','2023-06-04 15:24:31.239114',0,'',1)
COMMIT
DELETE FROM TASKS_AUX_SCHEDULER WHERE ID='scheduler' AND LAST_ACTIVITY_TS='2023-06-04 15:24:21.232' AND VERSION=4
INSERT INTO TASKS_AUX_SCHEDULER VALUES('scheduler','2023-06-04 15:24:31.240',4)
COMMIT
DELETE FROM TASKS_AUX_WORKERS WHERE ID=0 AND RANGES='0, 1000' AND HEALTH_CHECK='2023-06-04 15:24:31.239114' AND EXCLUSIVE_MODE=0 AND NODE_GROUPS='' AND IS_ACTIVE=1
INSERT INTO TASKS_AUX_WORKERS VALUES(0,'0, 1000','2023-06-04 15:24:31.239114',0,'',1)
COMMIT
DELETE FROM TASKS_AUX_WORKERS WHERE ID=0 AND RANGES='0, 1000' AND HEALTH_CHECK='2023-06-04 15:24:31.239114' AND EXCLUSIVE_MODE=0 AND NODE_GROUPS='' AND IS_ACTIVE=1
INSERT INTO TASKS_AUX_WORKERS VALUES(0,'0, 1000','2023-06-04 15:24:41.247440',0,'',1)
COMMIT
DELETE FROM TASKS_AUX_SCHEDULER WHERE ID='scheduler' AND LAST_ACTIVITY_TS='2023-06-04 15:24:31.240' AND VERSION=4
INSERT INTO TASKS_AUX_SCHEDULER VALUES('scheduler','2023-06-04 15:24:41.249',4)
COMMIT
DELETE FROM TASKS_AUX_WORKERS WHERE ID=0 AND RANGES='0, 1000' AND HEALTH_CHECK='2023-06-04 15:24:41.247440' AND EXCLUSIVE_MODE=0 AND NODE_GROUPS='' AND IS_ACTIVE=1
INSERT INTO TASKS_AUX_WORKERS VALUES(0,'0, 1000','2023-06-04 15:24:41.247440',0,'',1)
COMMIT
DELETE FROM TASKS_AUX_WORKERS WHERE ID=0 AND RANGES='0, 1000' AND HEALTH_CHECK='2023-06-04 15:24:41.247440' AND EXCLUSIVE_MODE=0 AND NODE_GROUPS='' AND IS_ACTIVE=1
INSERT INTO TASKS_AUX_WORKERS VALUES(0,'0, 1000','2023-06-04 15:24:51.255837',0,'',1)
COMMIT
DELETE FROM TASKS_AUX_SCHEDULER WHERE ID='scheduler' AND LAST_ACTIVITY_TS='2023-06-04 15:24:41.249' AND VERSION=4
INSERT INTO TASKS_AUX_SCHEDULER VALUES('scheduler','2023-06-04 15:24:51.257',4)
COMMIT
DELETE FROM TASKS_AUX_WORKERS WHERE ID=0 AND RANGES='0, 1000' AND HEALTH_CHECK='2023-06-04 15:24:51.255837' AND EXCLUSIVE_MODE=0 AND NODE_GROUPS='' AND IS_ACTIVE=1
INSERT INTO TASKS_AUX_WORKERS VALUES(0,'0, 1000','2023-06-04 15:24:51.255837',0,'',1)
COMMIT
/*C2*/SET SCHEMA PUBLIC
DISCONNECT
/*C5*/SET SCHEMA PUBLIC
DISCONNECT
/*C6*/SET SCHEMA PUBLIC
DISCONNECT
/*C7*/SET SCHEMA PUBLIC
DISCONNECT
/*C8*/SET SCHEMA PUBLIC
DISCONNECT
/*C9*/SET SCHEMA PUBLIC
DISCONNECT
/*C10*/SET SCHEMA PUBLIC
DISCONNECT
/*C11*/SET SCHEMA PUBLIC
DISCONNECT
/*C12*/SET SCHEMA PUBLIC
DISCONNECT
/*C23*/SET SCHEMA PUBLIC
DELETE FROM TASKS_AUX_WORKERS WHERE ID=0 AND RANGES='0, 1000' AND HEALTH_CHECK='2023-06-04 15:24:51.255837' AND EXCLUSIVE_MODE=0 AND NODE_GROUPS='' AND IS_ACTIVE=1
INSERT INTO TASKS_AUX_WORKERS VALUES(0,'0, 1000','2023-06-04 15:25:01.264540',0,'',1)
COMMIT
DELETE FROM TASKS_AUX_SCHEDULER WHERE ID='scheduler' AND LAST_ACTIVITY_TS='2023-06-04 15:24:51.257' AND VERSION=4
INSERT INTO TASKS_AUX_SCHEDULER VALUES('scheduler','2023-06-04 15:25:01.266',4)
COMMIT
DELETE FROM TASKS_AUX_WORKERS WHERE ID=0 AND RANGES='0, 1000' AND HEALTH_CHECK='2023-06-04 15:25:01.264540' AND EXCLUSIVE_MODE=0 AND NODE_GROUPS='' AND IS_ACTIVE=1
INSERT INTO TASKS_AUX_WORKERS VALUES(0,'0, 1000','2023-06-04 15:25:01.264540',0,'',1)
COMMIT
/*C13*/SET SCHEMA PUBLIC
DISCONNECT
/*C4*/DISCONNECT
/*C15*/SET SCHEMA PUBLIC
DISCONNECT
/*C16*/SET SCHEMA PUBLIC
DISCONNECT
/*C17*/SET SCHEMA PUBLIC
DISCONNECT
/*C18*/SET SCHEMA PUBLIC
DISCONNECT
/*C19*/SET SCHEMA PUBLIC
DISCONNECT
/*C20*/SET SCHEMA PUBLIC
DISCONNECT
/*C21*/SET SCHEMA PUBLIC
DISCONNECT
/*C22*/SET SCHEMA PUBLIC
DISCONNECT
/*C23*/DELETE FROM TASKS_AUX_WORKERS WHERE ID=0 AND RANGES='0, 1000' AND HEALTH_CHECK='2023-06-04 15:25:01.264540' AND EXCLUSIVE_MODE=0 AND NODE_GROUPS='' AND IS_ACTIVE=1
INSERT INTO TASKS_AUX_WORKERS VALUES(0,'0, 1000','2023-06-04 15:25:11.272794',0,'',1)
COMMIT
DELETE FROM TASKS_AUX_SCHEDULER WHERE ID='scheduler' AND LAST_ACTIVITY_TS='2023-06-04 15:25:01.266' AND VERSION=4
INSERT INTO TASKS_AUX_SCHEDULER VALUES('scheduler','2023-06-04 15:25:11.274',4)
COMMIT
DELETE FROM TASKS_AUX_WORKERS WHERE ID=0 AND RANGES='0, 1000' AND HEALTH_CHECK='2023-06-04 15:25:11.272794' AND EXCLUSIVE_MODE=0 AND NODE_GROUPS='' AND IS_ACTIVE=1
INSERT INTO TASKS_AUX_WORKERS VALUES(0,'0, 1000','2023-06-04 15:25:11.272794',0,'',1)
COMMIT
DELETE FROM TASKS_AUX_WORKERS WHERE ID=0 AND RANGES='0, 1000' AND HEALTH_CHECK='2023-06-04 15:25:11.272794' AND EXCLUSIVE_MODE=0 AND NODE_GROUPS='' AND IS_ACTIVE=1
INSERT INTO TASKS_AUX_WORKERS VALUES(0,'0, 1000','2023-06-04 15:25:21.280660',0,'',1)
COMMIT
DELETE FROM TASKS_AUX_SCHEDULER WHERE ID='scheduler' AND LAST_ACTIVITY_TS='2023-06-04 15:25:11.274' AND VERSION=4
INSERT INTO TASKS_AUX_SCHEDULER VALUES('scheduler','2023-06-04 15:25:21.282',4)
COMMIT
DELETE FROM TASKS_AUX_WORKERS WHERE ID=0 AND RANGES='0, 1000' AND HEALTH_CHECK='2023-06-04 15:25:21.280660' AND EXCLUSIVE_MODE=0 AND NODE_GROUPS='' AND IS_ACTIVE=1
INSERT INTO TASKS_AUX_WORKERS VALUES(0,'0, 1000','2023-06-04 15:25:21.280660',0,'',1)
COMMIT
DELETE FROM TASKS_AUX_WORKERS WHERE ID=0 AND RANGES='0, 1000' AND HEALTH_CHECK='2023-06-04 15:25:21.280660' AND EXCLUSIVE_MODE=0 AND NODE_GROUPS='' AND IS_ACTIVE=1
INSERT INTO TASKS_AUX_WORKERS VALUES(0,'0, 1000','2023-06-04 15:25:31.288747',0,'',1)
COMMIT
DELETE FROM TASKS_AUX_SCHEDULER WHERE ID='scheduler' AND LAST_ACTIVITY_TS='2023-06-04 15:25:21.282' AND VERSION=4
INSERT INTO TASKS_AUX_SCHEDULER VALUES('scheduler','2023-06-04 15:25:31.290',4)
COMMIT
DELETE FROM TASKS_AUX_WORKERS WHERE ID=0 AND RANGES='0, 1000' AND HEALTH_CHECK='2023-06-04 15:25:31.288747' AND EXCLUSIVE_MODE=0 AND NODE_GROUPS='' AND IS_ACTIVE=1
INSERT INTO TASKS_AUX_WORKERS VALUES(0,'0, 1000','2023-06-04 15:25:31.288747',0,'',1)
COMMIT
DELETE FROM TASKS_AUX_WORKERS WHERE ID=0 AND RANGES='0, 1000' AND HEALTH_CHECK='2023-06-04 15:25:31.288747' AND EXCLUSIVE_MODE=0 AND NODE_GROUPS='' AND IS_ACTIVE=1
INSERT INTO TASKS_AUX_WORKERS VALUES(0,'0, 1000','2023-06-04 15:25:41.297267',0,'',1)
COMMIT
DELETE FROM TASKS_AUX_SCHEDULER WHERE ID='scheduler' AND LAST_ACTIVITY_TS='2023-06-04 15:25:31.290' AND VERSION=4
INSERT INTO TASKS_AUX_SCHEDULER VALUES('scheduler','2023-06-04 15:25:41.298',4)
COMMIT
DELETE FROM TASKS_AUX_WORKERS WHERE ID=0 AND RANGES='0, 1000' AND HEALTH_CHECK='2023-06-04 15:25:41.297267' AND EXCLUSIVE_MODE=0 AND NODE_GROUPS='' AND IS_ACTIVE=1
INSERT INTO TASKS_AUX_WORKERS VALUES(0,'0, 1000','2023-06-04 15:25:41.297267',0,'',1)
COMMIT
DELETE FROM TASKS_AUX_WORKERS WHERE ID=0 AND RANGES='0, 1000' AND HEALTH_CHECK='2023-06-04 15:25:41.297267' AND EXCLUSIVE_MODE=0 AND NODE_GROUPS='' AND IS_ACTIVE=1
INSERT INTO TASKS_AUX_WORKERS VALUES(0,'0, 1000','2023-06-04 15:25:51.304925',0,'',1)
COMMIT
DELETE FROM TASKS_AUX_SCHEDULER WHERE ID='scheduler' AND LAST_ACTIVITY_TS='2023-06-04 15:25:41.298' AND VERSION=4
INSERT INTO TASKS_AUX_SCHEDULER VALUES('scheduler','2023-06-04 15:25:51.306',4)
COMMIT
DELETE FROM TASKS_AUX_WORKERS WHERE ID=0 AND RANGES='0, 1000' AND HEALTH_CHECK='2023-06-04 15:25:51.304925' AND EXCLUSIVE_MODE=0 AND NODE_GROUPS='' AND IS_ACTIVE=1
INSERT INTO TASKS_AUX_WORKERS VALUES(0,'0, 1000','2023-06-04 15:25:51.304925',0,'',1)
COMMIT
DELETE FROM TASKS_AUX_WORKERS WHERE ID=0 AND RANGES='0, 1000' AND HEALTH_CHECK='2023-06-04 15:25:51.304925' AND EXCLUSIVE_MODE=0 AND NODE_GROUPS='' AND IS_ACTIVE=1
INSERT INTO TASKS_AUX_WORKERS VALUES(0,'0, 1000','2023-06-04 15:26:01.317959',0,'',1)
COMMIT
DELETE FROM TASKS_AUX_SCHEDULER WHERE ID='scheduler' AND LAST_ACTIVITY_TS='2023-06-04 15:25:51.306' AND VERSION=4
INSERT INTO TASKS_AUX_SCHEDULER VALUES('scheduler','2023-06-04 15:26:01.320',4)
COMMIT
DELETE FROM TASKS_AUX_WORKERS WHERE ID=0 AND RANGES='0, 1000' AND HEALTH_CHECK='2023-06-04 15:26:01.317959' AND EXCLUSIVE_MODE=0 AND NODE_GROUPS='' AND IS_ACTIVE=1
INSERT INTO TASKS_AUX_WORKERS VALUES(0,'0, 1000','2023-06-04 15:26:01.317959',0,'',1)
COMMIT
DELETE FROM TASKS_AUX_WORKERS WHERE ID=0 AND RANGES='0, 1000' AND HEALTH_CHECK='2023-06-04 15:26:01.317959' AND EXCLUSIVE_MODE=0 AND NODE_GROUPS='' AND IS_ACTIVE=1
INSERT INTO TASKS_AUX_WORKERS VALUES(0,'0, 1000','2023-06-04 15:26:11.337401',0,'',1)
COMMIT
DELETE FROM TASKS_AUX_SCHEDULER WHERE ID='scheduler' AND LAST_ACTIVITY_TS='2023-06-04 15:26:01.320' AND VERSION=4
INSERT INTO TASKS_AUX_SCHEDULER VALUES('scheduler','2023-06-04 15:26:11.339',4)
COMMIT
DELETE FROM TASKS_AUX_WORKERS WHERE ID=0 AND RANGES='0, 1000' AND HEALTH_CHECK='2023-06-04 15:26:11.337401' AND EXCLUSIVE_MODE=0 AND NODE_GROUPS='' AND IS_ACTIVE=1
INSERT INTO TASKS_AUX_WORKERS VALUES(0,'0, 1000','2023-06-04 15:26:11.337401',0,'',1)
COMMIT
DELETE FROM TASKS_AUX_WORKERS WHERE ID=0 AND RANGES='0, 1000' AND HEALTH_CHECK='2023-06-04 15:26:11.337401' AND EXCLUSIVE_MODE=0 AND NODE_GROUPS='' AND IS_ACTIVE=1
INSERT INTO TASKS_AUX_WORKERS VALUES(0,'0, 1000','2023-06-04 15:26:21.346049',0,'',1)
COMMIT
DELETE FROM TASKS_AUX_SCHEDULER WHERE ID='scheduler' AND LAST_ACTIVITY_TS='2023-06-04 15:26:11.339' AND VERSION=4
INSERT INTO TASKS_AUX_SCHEDULER VALUES('scheduler','2023-06-04 15:26:21.347',4)
COMMIT
DELETE FROM TASKS_AUX_WORKERS WHERE ID=0 AND RANGES='0, 1000' AND HEALTH_CHECK='2023-06-04 15:26:21.346049' AND EXCLUSIVE_MODE=0 AND NODE_GROUPS='' AND IS_ACTIVE=1
INSERT INTO TASKS_AUX_WORKERS VALUES(0,'0, 1000','2023-06-04 15:26:21.346049',0,'',1)
COMMIT
DELETE FROM TASKS_AUX_WORKERS WHERE ID=0 AND RANGES='0, 1000' AND HEALTH_CHECK='2023-06-04 15:26:21.346049' AND EXCLUSIVE_MODE=0 AND NODE_GROUPS='' AND IS_ACTIVE=1
INSERT INTO TASKS_AUX_WORKERS VALUES(0,'0, 1000','2023-06-04 15:26:31.360983',0,'',1)
COMMIT
DELETE FROM TASKS_AUX_SCHEDULER WHERE ID='scheduler' AND LAST_ACTIVITY_TS='2023-06-04 15:26:21.347' AND VERSION=4
INSERT INTO TASKS_AUX_SCHEDULER VALUES('scheduler','2023-06-04 15:26:31.362',4)
COMMIT
DELETE FROM TASKS_AUX_WORKERS WHERE ID=0 AND RANGES='0, 1000' AND HEALTH_CHECK='2023-06-04 15:26:31.360983' AND EXCLUSIVE_MODE=0 AND NODE_GROUPS='' AND IS_ACTIVE=1
INSERT INTO TASKS_AUX_WORKERS VALUES(0,'0, 1000','2023-06-04 15:26:31.360983',0,'',1)
COMMIT
DELETE FROM TASKS_AUX_WORKERS WHERE ID=0 AND RANGES='0, 1000' AND HEALTH_CHECK='2023-06-04 15:26:31.360983' AND EXCLUSIVE_MODE=0 AND NODE_GROUPS='' AND IS_ACTIVE=1
INSERT INTO TASKS_AUX_WORKERS VALUES(0,'0, 1000','2023-06-04 15:26:41.368961',0,'',1)
COMMIT
DELETE FROM TASKS_AUX_SCHEDULER WHERE ID='scheduler' AND LAST_ACTIVITY_TS='2023-06-04 15:26:31.362' AND VERSION=4
INSERT INTO TASKS_AUX_SCHEDULER VALUES('scheduler','2023-06-04 15:26:41.370',4)
COMMIT
DELETE FROM TASKS_AUX_WORKERS WHERE ID=0 AND RANGES='0, 1000' AND HEALTH_CHECK='2023-06-04 15:26:41.368961' AND EXCLUSIVE_MODE=0 AND NODE_GROUPS='' AND IS_ACTIVE=1
INSERT INTO TASKS_AUX_WORKERS VALUES(0,'0, 1000','2023-06-04 15:26:41.368961',0,'',1)
COMMIT
DELETE FROM TASKS_AUX_WORKERS WHERE ID=0 AND RANGES='0, 1000' AND HEALTH_CHECK='2023-06-04 15:26:41.368961' AND EXCLUSIVE_MODE=0 AND NODE_GROUPS='' AND IS_ACTIVE=1
INSERT INTO TASKS_AUX_WORKERS VALUES(0,'0, 1000','2023-06-04 15:26:51.377276',0,'',1)
COMMIT
DELETE FROM TASKS_AUX_SCHEDULER WHERE ID='scheduler' AND LAST_ACTIVITY_TS='2023-06-04 15:26:41.370' AND VERSION=4
INSERT INTO TASKS_AUX_SCHEDULER VALUES('scheduler','2023-06-04 15:26:51.378',4)
COMMIT
DELETE FROM TASKS_AUX_WORKERS WHERE ID=0 AND RANGES='0, 1000' AND HEALTH_CHECK='2023-06-04 15:26:51.377276' AND EXCLUSIVE_MODE=0 AND NODE_GROUPS='' AND IS_ACTIVE=1
INSERT INTO TASKS_AUX_WORKERS VALUES(0,'0, 1000','2023-06-04 15:26:51.377276',0,'',1)
COMMIT
DELETE FROM TASKS_AUX_WORKERS WHERE ID=0 AND RANGES='0, 1000' AND HEALTH_CHECK='2023-06-04 15:26:51.377276' AND EXCLUSIVE_MODE=0 AND NODE_GROUPS='' AND IS_ACTIVE=1
INSERT INTO TASKS_AUX_WORKERS VALUES(0,'0, 1000','2023-06-04 15:27:01.384812',0,'',1)
COMMIT
DELETE FROM TASKS_AUX_SCHEDULER WHERE ID='scheduler' AND LAST_ACTIVITY_TS='2023-06-04 15:26:51.378' AND VERSION=4
INSERT INTO TASKS_AUX_SCHEDULER VALUES('scheduler','2023-06-04 15:27:01.386',4)
COMMIT
DELETE FROM TASKS_AUX_WORKERS WHERE ID=0 AND RANGES='0, 1000' AND HEALTH_CHECK='2023-06-04 15:27:01.384812' AND EXCLUSIVE_MODE=0 AND NODE_GROUPS='' AND IS_ACTIVE=1
INSERT INTO TASKS_AUX_WORKERS VALUES(0,'0, 1000','2023-06-04 15:27:01.384812',0,'',1)
COMMIT
DELETE FROM TASKS_AUX_WORKERS WHERE ID=0 AND RANGES='0, 1000' AND HEALTH_CHECK='2023-06-04 15:27:01.384812' AND EXCLUSIVE_MODE=0 AND NODE_GROUPS='' AND IS_ACTIVE=1
INSERT INTO TASKS_AUX_WORKERS VALUES(0,'0, 1000','2023-06-04 15:27:11.392863',0,'',1)
COMMIT
DELETE FROM TASKS_AUX_SCHEDULER WHERE ID='scheduler' AND LAST_ACTIVITY_TS='2023-06-04 15:27:01.386' AND VERSION=4
INSERT INTO TASKS_AUX_SCHEDULER VALUES('scheduler','2023-06-04 15:27:11.394',4)
COMMIT
DELETE FROM TASKS_AUX_WORKERS WHERE ID=0 AND RANGES='0, 1000' AND HEALTH_CHECK='2023-06-04 15:27:11.392863' AND EXCLUSIVE_MODE=0 AND NODE_GROUPS='' AND IS_ACTIVE=1
INSERT INTO TASKS_AUX_WORKERS VALUES(0,'0, 1000','2023-06-04 15:27:11.392863',0,'',1)
COMMIT
DELETE FROM TASKS_AUX_WORKERS WHERE ID=0 AND RANGES='0, 1000' AND HEALTH_CHECK='2023-06-04 15:27:11.392863' AND EXCLUSIVE_MODE=0 AND NODE_GROUPS='' AND IS_ACTIVE=1
INSERT INTO TASKS_AUX_WORKERS VALUES(0,'0, 1000','2023-06-04 15:27:21.401128',0,'',1)
COMMIT
DELETE FROM TASKS_AUX_SCHEDULER WHERE ID='scheduler' AND LAST_ACTIVITY_TS='2023-06-04 15:27:11.394' AND VERSION=4
INSERT INTO TASKS_AUX_SCHEDULER VALUES('scheduler','2023-06-04 15:27:21.402',4)
COMMIT
DELETE FROM TASKS_AUX_WORKERS WHERE ID=0 AND RANGES='0, 1000' AND HEALTH_CHECK='2023-06-04 15:27:21.401128' AND EXCLUSIVE_MODE=0 AND NODE_GROUPS='' AND IS_ACTIVE=1
INSERT INTO TASKS_AUX_WORKERS VALUES(0,'0, 1000','2023-06-04 15:27:21.401128',0,'',1)
COMMIT
DELETE FROM TASKS_AUX_WORKERS WHERE ID=0 AND RANGES='0, 1000' AND HEALTH_CHECK='2023-06-04 15:27:21.401128' AND EXCLUSIVE_MODE=0 AND NODE_GROUPS='' AND IS_ACTIVE=1
INSERT INTO TASKS_AUX_WORKERS VALUES(0,'0, 1000','2023-06-04 15:27:31.409463',0,'',1)
COMMIT
DELETE FROM TASKS_AUX_SCHEDULER WHERE ID='scheduler' AND LAST_ACTIVITY_TS='2023-06-04 15:27:21.402' AND VERSION=4
INSERT INTO TASKS_AUX_SCHEDULER VALUES('scheduler','2023-06-04 15:27:31.410',4)
COMMIT
DELETE FROM TASKS_AUX_WORKERS WHERE ID=0 AND RANGES='0, 1000' AND HEALTH_CHECK='2023-06-04 15:27:31.409463' AND EXCLUSIVE_MODE=0 AND NODE_GROUPS='' AND IS_ACTIVE=1
INSERT INTO TASKS_AUX_WORKERS VALUES(0,'0, 1000','2023-06-04 15:27:31.409463',0,'',1)
COMMIT
DELETE FROM TASKS_AUX_WORKERS WHERE ID=0 AND RANGES='0, 1000' AND HEALTH_CHECK='2023-06-04 15:27:31.409463' AND EXCLUSIVE_MODE=0 AND NODE_GROUPS='' AND IS_ACTIVE=1
INSERT INTO TASKS_AUX_WORKERS VALUES(0,'0, 1000','2023-06-04 15:27:41.417994',0,'',1)
COMMIT
DELETE FROM TASKS_AUX_SCHEDULER WHERE ID='scheduler' AND LAST_ACTIVITY_TS='2023-06-04 15:27:31.410' AND VERSION=4
INSERT INTO TASKS_AUX_SCHEDULER VALUES('scheduler','2023-06-04 15:27:41.419',4)
COMMIT
DELETE FROM TASKS_AUX_WORKERS WHERE ID=0 AND RANGES='0, 1000' AND HEALTH_CHECK='2023-06-04 15:27:41.417994' AND EXCLUSIVE_MODE=0 AND NODE_GROUPS='' AND IS_ACTIVE=1
INSERT INTO TASKS_AUX_WORKERS VALUES(0,'0, 1000','2023-06-04 15:27:41.417994',0,'',1)
COMMIT
DELETE FROM TASKS_AUX_WORKERS WHERE ID=0 AND RANGES='0, 1000' AND HEALTH_CHECK='2023-06-04 15:27:41.417994' AND EXCLUSIVE_MODE=0 AND NODE_GROUPS='' AND IS_ACTIVE=1
INSERT INTO TASKS_AUX_WORKERS VALUES(0,'0, 1000','2023-06-04 15:27:51.425397',0,'',1)
COMMIT
DELETE FROM TASKS_AUX_SCHEDULER WHERE ID='scheduler' AND LAST_ACTIVITY_TS='2023-06-04 15:27:41.419' AND VERSION=4
INSERT INTO TASKS_AUX_SCHEDULER VALUES('scheduler','2023-06-04 15:27:51.426',4)
COMMIT
DELETE FROM TASKS_AUX_WORKERS WHERE ID=0 AND RANGES='0, 1000' AND HEALTH_CHECK='2023-06-04 15:27:51.425397' AND EXCLUSIVE_MODE=0 AND NODE_GROUPS='' AND IS_ACTIVE=1
INSERT INTO TASKS_AUX_WORKERS VALUES(0,'0, 1000','2023-06-04 15:27:51.425397',0,'',1)
COMMIT
DELETE FROM TASKS_AUX_WORKERS WHERE ID=0 AND RANGES='0, 1000' AND HEALTH_CHECK='2023-06-04 15:27:51.425397' AND EXCLUSIVE_MODE=0 AND NODE_GROUPS='' AND IS_ACTIVE=1
INSERT INTO TASKS_AUX_WORKERS VALUES(0,'0, 1000','2023-06-04 15:28:01.433460',0,'',1)
COMMIT
DELETE FROM TASKS_AUX_SCHEDULER WHERE ID='scheduler' AND LAST_ACTIVITY_TS='2023-06-04 15:27:51.426' AND VERSION=4
INSERT INTO TASKS_AUX_SCHEDULER VALUES('scheduler','2023-06-04 15:28:01.435',4)
COMMIT
DELETE FROM TASKS_AUX_WORKERS WHERE ID=0 AND RANGES='0, 1000' AND HEALTH_CHECK='2023-06-04 15:28:01.433460' AND EXCLUSIVE_MODE=0 AND NODE_GROUPS='' AND IS_ACTIVE=1
INSERT INTO TASKS_AUX_WORKERS VALUES(0,'0, 1000','2023-06-04 15:28:01.433460',0,'',1)
COMMIT
DELETE FROM TASKS_AUX_WORKERS WHERE ID=0 AND RANGES='0, 1000' AND HEALTH_CHECK='2023-06-04 15:28:01.433460' AND EXCLUSIVE_MODE=0 AND NODE_GROUPS='' AND IS_ACTIVE=1
INSERT INTO TASKS_AUX_WORKERS VALUES(0,'0, 1000','2023-06-04 15:28:11.441538',0,'',1)
COMMIT
DELETE FROM TASKS_AUX_SCHEDULER WHERE ID='scheduler' AND LAST_ACTIVITY_TS='2023-06-04 15:28:01.435' AND VERSION=4
INSERT INTO TASKS_AUX_SCHEDULER VALUES('scheduler','2023-06-04 15:28:11.443',4)
COMMIT
DELETE FROM TASKS_AUX_WORKERS WHERE ID=0 AND RANGES='0, 1000' AND HEALTH_CHECK='2023-06-04 15:28:11.441538' AND EXCLUSIVE_MODE=0 AND NODE_GROUPS='' AND IS_ACTIVE=1
INSERT INTO TASKS_AUX_WORKERS VALUES(0,'0, 1000','2023-06-04 15:28:11.441538',0,'',1)
COMMIT
DELETE FROM TASKS_AUX_WORKERS WHERE ID=0 AND RANGES='0, 1000' AND HEALTH_CHECK='2023-06-04 15:28:11.441538' AND EXCLUSIVE_MODE=0 AND NODE_GROUPS='' AND IS_ACTIVE=1
INSERT INTO TASKS_AUX_WORKERS VALUES(0,'0, 1000','2023-06-04 15:28:21.449609',0,'',1)
COMMIT
DELETE FROM TASKS_AUX_SCHEDULER WHERE ID='scheduler' AND LAST_ACTIVITY_TS='2023-06-04 15:28:11.443' AND VERSION=4
INSERT INTO TASKS_AUX_SCHEDULER VALUES('scheduler','2023-06-04 15:28:21.451',4)
COMMIT
DELETE FROM TASKS_AUX_WORKERS WHERE ID=0 AND RANGES='0, 1000' AND HEALTH_CHECK='2023-06-04 15:28:21.449609' AND EXCLUSIVE_MODE=0 AND NODE_GROUPS='' AND IS_ACTIVE=1
INSERT INTO TASKS_AUX_WORKERS VALUES(0,'0, 1000','2023-06-04 15:28:21.449609',0,'',1)
COMMIT
DELETE FROM TASKS_AUX_WORKERS WHERE ID=0 AND RANGES='0, 1000' AND HEALTH_CHECK='2023-06-04 15:28:21.449609' AND EXCLUSIVE_MODE=0 AND NODE_GROUPS='' AND IS_ACTIVE=1
INSERT INTO TASKS_AUX_WORKERS VALUES(0,'0, 1000','2023-06-04 15:28:31.457969',0,'',1)
COMMIT
DELETE FROM TASKS_AUX_SCHEDULER WHERE ID='scheduler' AND LAST_ACTIVITY_TS='2023-06-04 15:28:21.451' AND VERSION=4
INSERT INTO TASKS_AUX_SCHEDULER VALUES('scheduler','2023-06-04 15:28:31.460',4)
COMMIT
DELETE FROM TASKS_AUX_WORKERS WHERE ID=0 AND RANGES='0, 1000' AND HEALTH_CHECK='2023-06-04 15:28:31.457969' AND EXCLUSIVE_MODE=0 AND NODE_GROUPS='' AND IS_ACTIVE=1
INSERT INTO TASKS_AUX_WORKERS VALUES(0,'0, 1000','2023-06-04 15:28:31.457969',0,'',1)
COMMIT
DELETE FROM TASKS_AUX_WORKERS WHERE ID=0 AND RANGES='0, 1000' AND HEALTH_CHECK='2023-06-04 15:28:31.457969' AND EXCLUSIVE_MODE=0 AND NODE_GROUPS='' AND IS_ACTIVE=1
INSERT INTO TASKS_AUX_WORKERS VALUES(0,'0, 1000','2023-06-04 15:28:41.466330',0,'',1)
COMMIT
DELETE FROM TASKS_AUX_SCHEDULER WHERE ID='scheduler' AND LAST_ACTIVITY_TS='2023-06-04 15:28:31.460' AND VERSION=4
INSERT INTO TASKS_AUX_SCHEDULER VALUES('scheduler','2023-06-04 15:28:41.468',4)
COMMIT
DELETE FROM TASKS_AUX_WORKERS WHERE ID=0 AND RANGES='0, 1000' AND HEALTH_CHECK='2023-06-04 15:28:41.466330' AND EXCLUSIVE_MODE=0 AND NODE_GROUPS='' AND IS_ACTIVE=1
INSERT INTO TASKS_AUX_WORKERS VALUES(0,'0, 1000','2023-06-04 15:28:41.466330',0,'',1)
COMMIT
DELETE FROM TASKS_AUX_WORKERS WHERE ID=0 AND RANGES='0, 1000' AND HEALTH_CHECK='2023-06-04 15:28:41.466330' AND EXCLUSIVE_MODE=0 AND NODE_GROUPS='' AND IS_ACTIVE=1
INSERT INTO TASKS_AUX_WORKERS VALUES(0,'0, 1000','2023-06-04 15:28:51.486449',0,'',1)
COMMIT
DELETE FROM TASKS_AUX_SCHEDULER WHERE ID='scheduler' AND LAST_ACTIVITY_TS='2023-06-04 15:28:41.468' AND VERSION=4
INSERT INTO TASKS_AUX_SCHEDULER VALUES('scheduler','2023-06-04 15:28:51.488',4)
COMMIT
DELETE FROM TASKS_AUX_WORKERS WHERE ID=0 AND RANGES='0, 1000' AND HEALTH_CHECK='2023-06-04 15:28:51.486449' AND EXCLUSIVE_MODE=0 AND NODE_GROUPS='' AND IS_ACTIVE=1
INSERT INTO TASKS_AUX_WORKERS VALUES(0,'0, 1000','2023-06-04 15:28:51.486449',0,'',1)
COMMIT
DELETE FROM TASKS_AUX_WORKERS WHERE ID=0 AND RANGES='0, 1000' AND HEALTH_CHECK='2023-06-04 15:28:51.486449' AND EXCLUSIVE_MODE=0 AND NODE_GROUPS='' AND IS_ACTIVE=1
INSERT INTO TASKS_AUX_WORKERS VALUES(0,'0, 1000','2023-06-04 15:29:01.494344',0,'',1)
COMMIT
DELETE FROM TASKS_AUX_SCHEDULER WHERE ID='scheduler' AND LAST_ACTIVITY_TS='2023-06-04 15:28:51.488' AND VERSION=4
INSERT INTO TASKS_AUX_SCHEDULER VALUES('scheduler','2023-06-04 15:29:01.496',4)
COMMIT
DELETE FROM TASKS_AUX_WORKERS WHERE ID=0 AND RANGES='0, 1000' AND HEALTH_CHECK='2023-06-04 15:29:01.494344' AND EXCLUSIVE_MODE=0 AND NODE_GROUPS='' AND IS_ACTIVE=1
INSERT INTO TASKS_AUX_WORKERS VALUES(0,'0, 1000','2023-06-04 15:29:01.494344',0,'',1)
COMMIT
DELETE FROM TASKS_AUX_WORKERS WHERE ID=0 AND RANGES='0, 1000' AND HEALTH_CHECK='2023-06-04 15:29:01.494344' AND EXCLUSIVE_MODE=0 AND NODE_GROUPS='' AND IS_ACTIVE=1
INSERT INTO TASKS_AUX_WORKERS VALUES(0,'0, 1000','2023-06-04 15:29:11.502952',0,'',1)
COMMIT
DELETE FROM TASKS_AUX_SCHEDULER WHERE ID='scheduler' AND LAST_ACTIVITY_TS='2023-06-04 15:29:01.496' AND VERSION=4
INSERT INTO TASKS_AUX_SCHEDULER VALUES('scheduler','2023-06-04 15:29:11.504',4)
COMMIT
DELETE FROM TASKS_AUX_WORKERS WHERE ID=0 AND RANGES='0, 1000' AND HEALTH_CHECK='2023-06-04 15:29:11.502952' AND EXCLUSIVE_MODE=0 AND NODE_GROUPS='' AND IS_ACTIVE=1
INSERT INTO TASKS_AUX_WORKERS VALUES(0,'0, 1000','2023-06-04 15:29:11.502952',0,'',1)
COMMIT
DELETE FROM TASKS_AUX_WORKERS WHERE ID=0 AND RANGES='0, 1000' AND HEALTH_CHECK='2023-06-04 15:29:11.502952' AND EXCLUSIVE_MODE=0 AND NODE_GROUPS='' AND IS_ACTIVE=1
INSERT INTO TASKS_AUX_WORKERS VALUES(0,'0, 1000','2023-06-04 15:29:21.511145',0,'',1)
COMMIT
DELETE FROM TASKS_AUX_SCHEDULER WHERE ID='scheduler' AND LAST_ACTIVITY_TS='2023-06-04 15:29:11.504' AND VERSION=4
INSERT INTO TASKS_AUX_SCHEDULER VALUES('scheduler','2023-06-04 15:29:21.513',4)
COMMIT
DELETE FROM TASKS_AUX_WORKERS WHERE ID=0 AND RANGES='0, 1000' AND HEALTH_CHECK='2023-06-04 15:29:21.511145' AND EXCLUSIVE_MODE=0 AND NODE_GROUPS='' AND IS_ACTIVE=1
INSERT INTO TASKS_AUX_WORKERS VALUES(0,'0, 1000','2023-06-04 15:29:21.511145',0,'',1)
COMMIT
DELETE FROM TASKS_AUX_WORKERS WHERE ID=0 AND RANGES='0, 1000' AND HEALTH_CHECK='2023-06-04 15:29:21.511145' AND EXCLUSIVE_MODE=0 AND NODE_GROUPS='' AND IS_ACTIVE=1
INSERT INTO TASKS_AUX_WORKERS VALUES(0,'0, 1000','2023-06-04 15:29:31.519435',0,'',1)
COMMIT
DELETE FROM TASKS_AUX_SCHEDULER WHERE ID='scheduler' AND LAST_ACTIVITY_TS='2023-06-04 15:29:21.513' AND VERSION=4
INSERT INTO TASKS_AUX_SCHEDULER VALUES('scheduler','2023-06-04 15:29:31.520',4)
COMMIT
DELETE FROM TASKS_AUX_WORKERS WHERE ID=0 AND RANGES='0, 1000' AND HEALTH_CHECK='2023-06-04 15:29:31.519435' AND EXCLUSIVE_MODE=0 AND NODE_GROUPS='' AND IS_ACTIVE=1
INSERT INTO TASKS_AUX_WORKERS VALUES(0,'0, 1000','2023-06-04 15:29:31.519435',0,'',1)
COMMIT
DELETE FROM TASKS_AUX_WORKERS WHERE ID=0 AND RANGES='0, 1000' AND HEALTH_CHECK='2023-06-04 15:29:31.519435' AND EXCLUSIVE_MODE=0 AND NODE_GROUPS='' AND IS_ACTIVE=1
INSERT INTO TASKS_AUX_WORKERS VALUES(0,'0, 1000','2023-06-04 15:29:41.527841',0,'',1)
COMMIT
DELETE FROM TASKS_AUX_SCHEDULER WHERE ID='scheduler' AND LAST_ACTIVITY_TS='2023-06-04 15:29:31.520' AND VERSION=4
INSERT INTO TASKS_AUX_SCHEDULER VALUES('scheduler','2023-06-04 15:29:41.529',4)
COMMIT
DELETE FROM TASKS_AUX_WORKERS WHERE ID=0 AND RANGES='0, 1000' AND HEALTH_CHECK='2023-06-04 15:29:41.527841' AND EXCLUSIVE_MODE=0 AND NODE_GROUPS='' AND IS_ACTIVE=1
INSERT INTO TASKS_AUX_WORKERS VALUES(0,'0, 1000','2023-06-04 15:29:41.527841',0,'',1)
COMMIT
DELETE FROM TASKS_AUX_WORKERS WHERE ID=0 AND RANGES='0, 1000' AND HEALTH_CHECK='2023-06-04 15:29:41.527841' AND EXCLUSIVE_MODE=0 AND NODE_GROUPS='' AND IS_ACTIVE=1
INSERT INTO TASKS_AUX_WORKERS VALUES(0,'0, 1000','2023-06-04 15:29:51.537081',0,'',1)
COMMIT
DELETE FROM TASKS_AUX_SCHEDULER WHERE ID='scheduler' AND LAST_ACTIVITY_TS='2023-06-04 15:29:41.529' AND VERSION=4
INSERT INTO TASKS_AUX_SCHEDULER VALUES('scheduler','2023-06-04 15:29:51.539',4)
COMMIT
DELETE FROM TASKS_AUX_WORKERS WHERE ID=0 AND RANGES='0, 1000' AND HEALTH_CHECK='2023-06-04 15:29:51.537081' AND EXCLUSIVE_MODE=0 AND NODE_GROUPS='' AND IS_ACTIVE=1
INSERT INTO TASKS_AUX_WORKERS VALUES(0,'0, 1000','2023-06-04 15:29:51.537081',0,'',1)
COMMIT
/*C3*/DISCONNECT
/*C24*/SET SCHEMA PUBLIC
DISCONNECT
/*C26*/SET SCHEMA PUBLIC
DISCONNECT
/*C25*/SET SCHEMA PUBLIC
DISCONNECT
/*C29*/SET SCHEMA PUBLIC
DISCONNECT
/*C27*/SET SCHEMA PUBLIC
DISCONNECT
/*C28*/SET SCHEMA PUBLIC
DISCONNECT
/*C30*/SET SCHEMA PUBLIC
DISCONNECT
/*C42*/SET SCHEMA PUBLIC
DELETE FROM TASKS_AUX_WORKERS WHERE ID=0 AND RANGES='0, 1000' AND HEALTH_CHECK='2023-06-04 15:29:51.537081' AND EXCLUSIVE_MODE=0 AND NODE_GROUPS='' AND IS_ACTIVE=1
INSERT INTO TASKS_AUX_WORKERS VALUES(0,'0, 1000','2023-06-04 15:30:01.544965',0,'',1)
COMMIT
DELETE FROM TASKS_AUX_SCHEDULER WHERE ID='scheduler' AND LAST_ACTIVITY_TS='2023-06-04 15:29:51.539' AND VERSION=4
INSERT INTO TASKS_AUX_SCHEDULER VALUES('scheduler','2023-06-04 15:30:01.546',4)
COMMIT
DELETE FROM TASKS_AUX_WORKERS WHERE ID=0 AND RANGES='0, 1000' AND HEALTH_CHECK='2023-06-04 15:30:01.544965' AND EXCLUSIVE_MODE=0 AND NODE_GROUPS='' AND IS_ACTIVE=1
INSERT INTO TASKS_AUX_WORKERS VALUES(0,'0, 1000','2023-06-04 15:30:01.544965',0,'',1)
COMMIT
/*C32*/SET SCHEMA PUBLIC
DISCONNECT
/*C33*/SET SCHEMA PUBLIC
DISCONNECT
/*C34*/SET SCHEMA PUBLIC
DISCONNECT
/*C36*/SET SCHEMA PUBLIC
DISCONNECT
/*C35*/SET SCHEMA PUBLIC
DISCONNECT
/*C39*/SET SCHEMA PUBLIC
DISCONNECT
/*C37*/SET SCHEMA PUBLIC
DISCONNECT
/*C40*/SET SCHEMA PUBLIC
DISCONNECT
/*C38*/SET SCHEMA PUBLIC
DISCONNECT
/*C31*/SET SCHEMA PUBLIC
DISCONNECT
/*C42*/DELETE FROM TASKS_AUX_WORKERS WHERE ID=0 AND RANGES='0, 1000' AND HEALTH_CHECK='2023-06-04 15:30:01.544965' AND EXCLUSIVE_MODE=0 AND NODE_GROUPS='' AND IS_ACTIVE=1
INSERT INTO TASKS_AUX_WORKERS VALUES(0,'0, 1000','2023-06-04 15:30:11.559368',0,'',1)
COMMIT
DELETE FROM TASKS_AUX_SCHEDULER WHERE ID='scheduler' AND LAST_ACTIVITY_TS='2023-06-04 15:30:01.546' AND VERSION=4
INSERT INTO TASKS_AUX_SCHEDULER VALUES('scheduler','2023-06-04 15:30:11.561',4)
COMMIT
DELETE FROM TASKS_AUX_WORKERS WHERE ID=0 AND RANGES='0, 1000' AND HEALTH_CHECK='2023-06-04 15:30:11.559368' AND EXCLUSIVE_MODE=0 AND NODE_GROUPS='' AND IS_ACTIVE=1
INSERT INTO TASKS_AUX_WORKERS VALUES(0,'0, 1000','2023-06-04 15:30:11.559368',0,'',1)
COMMIT
/*C41*/SET SCHEMA PUBLIC
DISCONNECT
/*C42*/DELETE FROM TASKS_AUX_WORKERS WHERE ID=0 AND RANGES='0, 1000' AND HEALTH_CHECK='2023-06-04 15:30:11.559368' AND EXCLUSIVE_MODE=0 AND NODE_GROUPS='' AND IS_ACTIVE=1
INSERT INTO TASKS_AUX_WORKERS VALUES(0,'0, 1000','2023-06-04 15:30:21.567472',0,'',1)
COMMIT
DELETE FROM TASKS_AUX_SCHEDULER WHERE ID='scheduler' AND LAST_ACTIVITY_TS='2023-06-04 15:30:11.561' AND VERSION=4
INSERT INTO TASKS_AUX_SCHEDULER VALUES('scheduler','2023-06-04 15:30:21.569',4)
COMMIT
DELETE FROM TASKS_AUX_WORKERS WHERE ID=0 AND RANGES='0, 1000' AND HEALTH_CHECK='2023-06-04 15:30:21.567472' AND EXCLUSIVE_MODE=0 AND NODE_GROUPS='' AND IS_ACTIVE=1
INSERT INTO TASKS_AUX_WORKERS VALUES(0,'0, 1000','2023-06-04 15:30:21.567472',0,'',1)
COMMIT
DELETE FROM TASKS_AUX_WORKERS WHERE ID=0 AND RANGES='0, 1000' AND HEALTH_CHECK='2023-06-04 15:30:21.567472' AND EXCLUSIVE_MODE=0 AND NODE_GROUPS='' AND IS_ACTIVE=1
INSERT INTO TASKS_AUX_WORKERS VALUES(0,'0, 1000','2023-06-04 15:30:31.575129',0,'',1)
COMMIT
DELETE FROM TASKS_AUX_SCHEDULER WHERE ID='scheduler' AND LAST_ACTIVITY_TS='2023-06-04 15:30:21.569' AND VERSION=4
INSERT INTO TASKS_AUX_SCHEDULER VALUES('scheduler','2023-06-04 15:30:31.576',4)
COMMIT
DELETE FROM TASKS_AUX_WORKERS WHERE ID=0 AND RANGES='0, 1000' AND HEALTH_CHECK='2023-06-04 15:30:31.575129' AND EXCLUSIVE_MODE=0 AND NODE_GROUPS='' AND IS_ACTIVE=1
INSERT INTO TASKS_AUX_WORKERS VALUES(0,'0, 1000','2023-06-04 15:30:31.575129',0,'',1)
COMMIT
DELETE FROM TASKS_AUX_WORKERS WHERE ID=0 AND RANGES='0, 1000' AND HEALTH_CHECK='2023-06-04 15:30:31.575129' AND EXCLUSIVE_MODE=0 AND NODE_GROUPS='' AND IS_ACTIVE=1
INSERT INTO TASKS_AUX_WORKERS VALUES(0,'0, 1000','2023-06-04 15:30:41.582720',0,'',1)
COMMIT
DELETE FROM TASKS_AUX_SCHEDULER WHERE ID='scheduler' AND LAST_ACTIVITY_TS='2023-06-04 15:30:31.576' AND VERSION=4
INSERT INTO TASKS_AUX_SCHEDULER VALUES('scheduler','2023-06-04 15:30:41.584',4)
COMMIT
DELETE FROM TASKS_AUX_WORKERS WHERE ID=0 AND RANGES='0, 1000' AND HEALTH_CHECK='2023-06-04 15:30:41.582720' AND EXCLUSIVE_MODE=0 AND NODE_GROUPS='' AND IS_ACTIVE=1
INSERT INTO TASKS_AUX_WORKERS VALUES(0,'0, 1000','2023-06-04 15:30:41.582720',0,'',1)
COMMIT
DELETE FROM TASKS_AUX_WORKERS WHERE ID=0 AND RANGES='0, 1000' AND HEALTH_CHECK='2023-06-04 15:30:41.582720' AND EXCLUSIVE_MODE=0 AND NODE_GROUPS='' AND IS_ACTIVE=1
INSERT INTO TASKS_AUX_WORKERS VALUES(0,'0, 1000','2023-06-04 15:30:51.590889',0,'',1)
COMMIT
DELETE FROM TASKS_AUX_SCHEDULER WHERE ID='scheduler' AND LAST_ACTIVITY_TS='2023-06-04 15:30:41.584' AND VERSION=4
INSERT INTO TASKS_AUX_SCHEDULER VALUES('scheduler','2023-06-04 15:30:51.592',4)
COMMIT
DELETE FROM TASKS_AUX_WORKERS WHERE ID=0 AND RANGES='0, 1000' AND HEALTH_CHECK='2023-06-04 15:30:51.590889' AND EXCLUSIVE_MODE=0 AND NODE_GROUPS='' AND IS_ACTIVE=1
INSERT INTO TASKS_AUX_WORKERS VALUES(0,'0, 1000','2023-06-04 15:30:51.590889',0,'',1)
COMMIT
DELETE FROM TASKS_AUX_WORKERS WHERE ID=0 AND RANGES='0, 1000' AND HEALTH_CHECK='2023-06-04 15:30:51.590889' AND EXCLUSIVE_MODE=0 AND NODE_GROUPS='' AND IS_ACTIVE=1
INSERT INTO TASKS_AUX_WORKERS VALUES(0,'0, 1000','2023-06-04 15:31:01.598692',0,'',1)
COMMIT
DELETE FROM TASKS_AUX_SCHEDULER WHERE ID='scheduler' AND LAST_ACTIVITY_TS='2023-06-04 15:30:51.592' AND VERSION=4
INSERT INTO TASKS_AUX_SCHEDULER VALUES('scheduler','2023-06-04 15:31:01.600',4)
COMMIT
DELETE FROM TASKS_AUX_WORKERS WHERE ID=0 AND RANGES='0, 1000' AND HEALTH_CHECK='2023-06-04 15:31:01.598692' AND EXCLUSIVE_MODE=0 AND NODE_GROUPS='' AND IS_ACTIVE=1
INSERT INTO TASKS_AUX_WORKERS VALUES(0,'0, 1000','2023-06-04 15:31:01.598692',0,'',1)
COMMIT
DELETE FROM TASKS_AUX_WORKERS WHERE ID=0 AND RANGES='0, 1000' AND HEALTH_CHECK='2023-06-04 15:31:01.598692' AND EXCLUSIVE_MODE=0 AND NODE_GROUPS='' AND IS_ACTIVE=1
INSERT INTO TASKS_AUX_WORKERS VALUES(0,'0, 1000','2023-06-04 15:31:11.606680',0,'',1)
COMMIT
DELETE FROM TASKS_AUX_SCHEDULER WHERE ID='scheduler' AND LAST_ACTIVITY_TS='2023-06-04 15:31:01.600' AND VERSION=4
INSERT INTO TASKS_AUX_SCHEDULER VALUES('scheduler','2023-06-04 15:31:11.608',4)
COMMIT
DELETE FROM TASKS_AUX_WORKERS WHERE ID=0 AND RANGES='0, 1000' AND HEALTH_CHECK='2023-06-04 15:31:11.606680' AND EXCLUSIVE_MODE=0 AND NODE_GROUPS='' AND IS_ACTIVE=1
INSERT INTO TASKS_AUX_WORKERS VALUES(0,'0, 1000','2023-06-04 15:31:11.606680',0,'',1)
COMMIT
DELETE FROM TASKS_AUX_WORKERS WHERE ID=0 AND RANGES='0, 1000' AND HEALTH_CHECK='2023-06-04 15:31:11.606680' AND EXCLUSIVE_MODE=0 AND NODE_GROUPS='' AND IS_ACTIVE=1
INSERT INTO TASKS_AUX_WORKERS VALUES(0,'0, 1000','2023-06-04 15:31:21.614209',0,'',1)
COMMIT
DELETE FROM TASKS_AUX_SCHEDULER WHERE ID='scheduler' AND LAST_ACTIVITY_TS='2023-06-04 15:31:11.608' AND VERSION=4
INSERT INTO TASKS_AUX_SCHEDULER VALUES('scheduler','2023-06-04 15:31:21.615',4)
COMMIT
DELETE FROM TASKS_AUX_WORKERS WHERE ID=0 AND RANGES='0, 1000' AND HEALTH_CHECK='2023-06-04 15:31:21.614209' AND EXCLUSIVE_MODE=0 AND NODE_GROUPS='' AND IS_ACTIVE=1
INSERT INTO TASKS_AUX_WORKERS VALUES(0,'0, 1000','2023-06-04 15:31:21.614209',0,'',1)
COMMIT
DELETE FROM TASKS_AUX_WORKERS WHERE ID=0 AND RANGES='0, 1000' AND HEALTH_CHECK='2023-06-04 15:31:21.614209' AND EXCLUSIVE_MODE=0 AND NODE_GROUPS='' AND IS_ACTIVE=1
INSERT INTO TASKS_AUX_WORKERS VALUES(0,'0, 1000','2023-06-04 15:31:31.622407',0,'',1)
COMMIT
DELETE FROM TASKS_AUX_SCHEDULER WHERE ID='scheduler' AND LAST_ACTIVITY_TS='2023-06-04 15:31:21.615' AND VERSION=4
INSERT INTO TASKS_AUX_SCHEDULER VALUES('scheduler','2023-06-04 15:31:31.624',4)
COMMIT
DELETE FROM TASKS_AUX_WORKERS WHERE ID=0 AND RANGES='0, 1000' AND HEALTH_CHECK='2023-06-04 15:31:31.622407' AND EXCLUSIVE_MODE=0 AND NODE_GROUPS='' AND IS_ACTIVE=1
INSERT INTO TASKS_AUX_WORKERS VALUES(0,'0, 1000','2023-06-04 15:31:31.622407',0,'',1)
COMMIT
DELETE FROM TASKS_AUX_WORKERS WHERE ID=0 AND RANGES='0, 1000' AND HEALTH_CHECK='2023-06-04 15:31:31.622407' AND EXCLUSIVE_MODE=0 AND NODE_GROUPS='' AND IS_ACTIVE=1
INSERT INTO TASKS_AUX_WORKERS VALUES(0,'0, 1000','2023-06-04 15:31:41.630706',0,'',1)
COMMIT
DELETE FROM TASKS_AUX_SCHEDULER WHERE ID='scheduler' AND LAST_ACTIVITY_TS='2023-06-04 15:31:31.624' AND VERSION=4
INSERT INTO TASKS_AUX_SCHEDULER VALUES('scheduler','2023-06-04 15:31:41.632',4)
COMMIT
DELETE FROM TASKS_AUX_WORKERS WHERE ID=0 AND RANGES='0, 1000' AND HEALTH_CHECK='2023-06-04 15:31:41.630706' AND EXCLUSIVE_MODE=0 AND NODE_GROUPS='' AND IS_ACTIVE=1
INSERT INTO TASKS_AUX_WORKERS VALUES(0,'0, 1000','2023-06-04 15:31:41.630706',0,'',1)
COMMIT
DELETE FROM TASKS_AUX_WORKERS WHERE ID=0 AND RANGES='0, 1000' AND HEALTH_CHECK='2023-06-04 15:31:41.630706' AND EXCLUSIVE_MODE=0 AND NODE_GROUPS='' AND IS_ACTIVE=1
INSERT INTO TASKS_AUX_WORKERS VALUES(0,'0, 1000','2023-06-04 15:31:51.640950',0,'',1)
COMMIT
DELETE FROM TASKS_AUX_SCHEDULER WHERE ID='scheduler' AND LAST_ACTIVITY_TS='2023-06-04 15:31:41.632' AND VERSION=4
INSERT INTO TASKS_AUX_SCHEDULER VALUES('scheduler','2023-06-04 15:31:51.642',4)
COMMIT
DELETE FROM TASKS_AUX_WORKERS WHERE ID=0 AND RANGES='0, 1000' AND HEALTH_CHECK='2023-06-04 15:31:51.640950' AND EXCLUSIVE_MODE=0 AND NODE_GROUPS='' AND IS_ACTIVE=1
INSERT INTO TASKS_AUX_WORKERS VALUES(0,'0, 1000','2023-06-04 15:31:51.640950',0,'',1)
COMMIT
DELETE FROM TASKS_AUX_WORKERS WHERE ID=0 AND RANGES='0, 1000' AND HEALTH_CHECK='2023-06-04 15:31:51.640950' AND EXCLUSIVE_MODE=0 AND NODE_GROUPS='' AND IS_ACTIVE=1
INSERT INTO TASKS_AUX_WORKERS VALUES(0,'0, 1000','2023-06-04 15:32:01.648982',0,'',1)
COMMIT
DELETE FROM TASKS_AUX_SCHEDULER WHERE ID='scheduler' AND LAST_ACTIVITY_TS='2023-06-04 15:31:51.642' AND VERSION=4
INSERT INTO TASKS_AUX_SCHEDULER VALUES('scheduler','2023-06-04 15:32:01.650',4)
COMMIT
DELETE FROM TASKS_AUX_WORKERS WHERE ID=0 AND RANGES='0, 1000' AND HEALTH_CHECK='2023-06-04 15:32:01.648982' AND EXCLUSIVE_MODE=0 AND NODE_GROUPS='' AND IS_ACTIVE=1
INSERT INTO TASKS_AUX_WORKERS VALUES(0,'0, 1000','2023-06-04 15:32:01.648982',0,'',1)
COMMIT
DELETE FROM TASKS_AUX_WORKERS WHERE ID=0 AND RANGES='0, 1000' AND HEALTH_CHECK='2023-06-04 15:32:01.648982' AND EXCLUSIVE_MODE=0 AND NODE_GROUPS='' AND IS_ACTIVE=1
INSERT INTO TASKS_AUX_WORKERS VALUES(0,'0, 1000','2023-06-04 15:32:11.669291',0,'',1)
COMMIT
DELETE FROM TASKS_AUX_SCHEDULER WHERE ID='scheduler' AND LAST_ACTIVITY_TS='2023-06-04 15:32:01.650' AND VERSION=4
INSERT INTO TASKS_AUX_SCHEDULER VALUES('scheduler','2023-06-04 15:32:11.670',4)
COMMIT
DELETE FROM TASKS_AUX_WORKERS WHERE ID=0 AND RANGES='0, 1000' AND HEALTH_CHECK='2023-06-04 15:32:11.669291' AND EXCLUSIVE_MODE=0 AND NODE_GROUPS='' AND IS_ACTIVE=1
INSERT INTO TASKS_AUX_WORKERS VALUES(0,'0, 1000','2023-06-04 15:32:11.669291',0,'',1)
COMMIT
DELETE FROM TASKS_AUX_WORKERS WHERE ID=0 AND RANGES='0, 1000' AND HEALTH_CHECK='2023-06-04 15:32:11.669291' AND EXCLUSIVE_MODE=0 AND NODE_GROUPS='' AND IS_ACTIVE=1
INSERT INTO TASKS_AUX_WORKERS VALUES(0,'0, 1000','2023-06-04 15:32:21.678985',0,'',1)
COMMIT
DELETE FROM TASKS_AUX_SCHEDULER WHERE ID='scheduler' AND LAST_ACTIVITY_TS='2023-06-04 15:32:11.670' AND VERSION=4
INSERT INTO TASKS_AUX_SCHEDULER VALUES('scheduler','2023-06-04 15:32:21.680',4)
COMMIT
DELETE FROM TASKS_AUX_WORKERS WHERE ID=0 AND RANGES='0, 1000' AND HEALTH_CHECK='2023-06-04 15:32:21.678985' AND EXCLUSIVE_MODE=0 AND NODE_GROUPS='' AND IS_ACTIVE=1
INSERT INTO TASKS_AUX_WORKERS VALUES(0,'0, 1000','2023-06-04 15:32:21.678985',0,'',1)
COMMIT
DELETE FROM TASKS_AUX_WORKERS WHERE ID=0 AND RANGES='0, 1000' AND HEALTH_CHECK='2023-06-04 15:32:21.678985' AND EXCLUSIVE_MODE=0 AND NODE_GROUPS='' AND IS_ACTIVE=1
INSERT INTO TASKS_AUX_WORKERS VALUES(0,'0, 1000','2023-06-04 15:32:31.686610',0,'',1)
COMMIT
DELETE FROM TASKS_AUX_SCHEDULER WHERE ID='scheduler' AND LAST_ACTIVITY_TS='2023-06-04 15:32:21.680' AND VERSION=4
INSERT INTO TASKS_AUX_SCHEDULER VALUES('scheduler','2023-06-04 15:32:31.688',4)
COMMIT
DELETE FROM TASKS_AUX_WORKERS WHERE ID=0 AND RANGES='0, 1000' AND HEALTH_CHECK='2023-06-04 15:32:31.686610' AND EXCLUSIVE_MODE=0 AND NODE_GROUPS='' AND IS_ACTIVE=1
INSERT INTO TASKS_AUX_WORKERS VALUES(0,'0, 1000','2023-06-04 15:32:31.686610',0,'',1)
COMMIT
DELETE FROM TASKS_AUX_WORKERS WHERE ID=0 AND RANGES='0, 1000' AND HEALTH_CHECK='2023-06-04 15:32:31.686610' AND EXCLUSIVE_MODE=0 AND NODE_GROUPS='' AND IS_ACTIVE=1
INSERT INTO TASKS_AUX_WORKERS VALUES(0,'0, 1000','2023-06-04 15:32:41.694247',0,'',1)
COMMIT
DELETE FROM TASKS_AUX_SCHEDULER WHERE ID='scheduler' AND LAST_ACTIVITY_TS='2023-06-04 15:32:31.688' AND VERSION=4
INSERT INTO TASKS_AUX_SCHEDULER VALUES('scheduler','2023-06-04 15:32:41.695',4)
COMMIT
DELETE FROM TASKS_AUX_WORKERS WHERE ID=0 AND RANGES='0, 1000' AND HEALTH_CHECK='2023-06-04 15:32:41.694247' AND EXCLUSIVE_MODE=0 AND NODE_GROUPS='' AND IS_ACTIVE=1
INSERT INTO TASKS_AUX_WORKERS VALUES(0,'0, 1000','2023-06-04 15:32:41.694247',0,'',1)
COMMIT
DELETE FROM TASKS_AUX_WORKERS WHERE ID=0 AND RANGES='0, 1000' AND HEALTH_CHECK='2023-06-04 15:32:41.694247' AND EXCLUSIVE_MODE=0 AND NODE_GROUPS='' AND IS_ACTIVE=1
INSERT INTO TASKS_AUX_WORKERS VALUES(0,'0, 1000','2023-06-04 15:32:51.703015',0,'',1)
COMMIT
DELETE FROM TASKS_AUX_SCHEDULER WHERE ID='scheduler' AND LAST_ACTIVITY_TS='2023-06-04 15:32:41.695' AND VERSION=4
INSERT INTO TASKS_AUX_SCHEDULER VALUES('scheduler','2023-06-04 15:32:51.704',4)
COMMIT
DELETE FROM TASKS_AUX_WORKERS WHERE ID=0 AND RANGES='0, 1000' AND HEALTH_CHECK='2023-06-04 15:32:51.703015' AND EXCLUSIVE_MODE=0 AND NODE_GROUPS='' AND IS_ACTIVE=1
INSERT INTO TASKS_AUX_WORKERS VALUES(0,'0, 1000','2023-06-04 15:32:51.703015',0,'',1)
COMMIT
DELETE FROM TASKS_AUX_WORKERS WHERE ID=0 AND RANGES='0, 1000' AND HEALTH_CHECK='2023-06-04 15:32:51.703015' AND EXCLUSIVE_MODE=0 AND NODE_GROUPS='' AND IS_ACTIVE=1
INSERT INTO TASKS_AUX_WORKERS VALUES(0,'0, 1000','2023-06-04 15:33:01.717463',0,'',1)
COMMIT
DELETE FROM TASKS_AUX_SCHEDULER WHERE ID='scheduler' AND LAST_ACTIVITY_TS='2023-06-04 15:32:51.704' AND VERSION=4
INSERT INTO TASKS_AUX_SCHEDULER VALUES('scheduler','2023-06-04 15:33:01.719',4)
COMMIT
DELETE FROM TASKS_AUX_WORKERS WHERE ID=0 AND RANGES='0, 1000' AND HEALTH_CHECK='2023-06-04 15:33:01.717463' AND EXCLUSIVE_MODE=0 AND NODE_GROUPS='' AND IS_ACTIVE=1
INSERT INTO TASKS_AUX_WORKERS VALUES(0,'0, 1000','2023-06-04 15:33:01.717463',0,'',1)
COMMIT
DELETE FROM TASKS_AUX_WORKERS WHERE ID=0 AND RANGES='0, 1000' AND HEALTH_CHECK='2023-06-04 15:33:01.717463' AND EXCLUSIVE_MODE=0 AND NODE_GROUPS='' AND IS_ACTIVE=1
INSERT INTO TASKS_AUX_WORKERS VALUES(0,'0, 1000','2023-06-04 15:33:11.732866',0,'',1)
COMMIT
DELETE FROM TASKS_AUX_SCHEDULER WHERE ID='scheduler' AND LAST_ACTIVITY_TS='2023-06-04 15:33:01.719' AND VERSION=4
INSERT INTO TASKS_AUX_SCHEDULER VALUES('scheduler','2023-06-04 15:33:11.734',4)
COMMIT
DELETE FROM TASKS_AUX_WORKERS WHERE ID=0 AND RANGES='0, 1000' AND HEALTH_CHECK='2023-06-04 15:33:11.732866' AND EXCLUSIVE_MODE=0 AND NODE_GROUPS='' AND IS_ACTIVE=1
INSERT INTO TASKS_AUX_WORKERS VALUES(0,'0, 1000','2023-06-04 15:33:11.732866',0,'',1)
COMMIT
DELETE FROM TASKS_AUX_WORKERS WHERE ID=0 AND RANGES='0, 1000' AND HEALTH_CHECK='2023-06-04 15:33:11.732866' AND EXCLUSIVE_MODE=0 AND NODE_GROUPS='' AND IS_ACTIVE=1
INSERT INTO TASKS_AUX_WORKERS VALUES(0,'0, 1000','2023-06-04 15:33:21.741028',0,'',1)
COMMIT
DELETE FROM TASKS_AUX_SCHEDULER WHERE ID='scheduler' AND LAST_ACTIVITY_TS='2023-06-04 15:33:11.734' AND VERSION=4
INSERT INTO TASKS_AUX_SCHEDULER VALUES('scheduler','2023-06-04 15:33:21.742',4)
COMMIT
DELETE FROM TASKS_AUX_WORKERS WHERE ID=0 AND RANGES='0, 1000' AND HEALTH_CHECK='2023-06-04 15:33:21.741028' AND EXCLUSIVE_MODE=0 AND NODE_GROUPS='' AND IS_ACTIVE=1
INSERT INTO TASKS_AUX_WORKERS VALUES(0,'0, 1000','2023-06-04 15:33:21.741028',0,'',1)
COMMIT
DELETE FROM TASKS_AUX_WORKERS WHERE ID=0 AND RANGES='0, 1000' AND HEALTH_CHECK='2023-06-04 15:33:21.741028' AND EXCLUSIVE_MODE=0 AND NODE_GROUPS='' AND IS_ACTIVE=1
INSERT INTO TASKS_AUX_WORKERS VALUES(0,'0, 1000','2023-06-04 15:33:31.748169',0,'',1)
COMMIT
DELETE FROM TASKS_AUX_SCHEDULER WHERE ID='scheduler' AND LAST_ACTIVITY_TS='2023-06-04 15:33:21.742' AND VERSION=4
INSERT INTO TASKS_AUX_SCHEDULER VALUES('scheduler','2023-06-04 15:33:31.749',4)
COMMIT
DELETE FROM TASKS_AUX_WORKERS WHERE ID=0 AND RANGES='0, 1000' AND HEALTH_CHECK='2023-06-04 15:33:31.748169' AND EXCLUSIVE_MODE=0 AND NODE_GROUPS='' AND IS_ACTIVE=1
INSERT INTO TASKS_AUX_WORKERS VALUES(0,'0, 1000','2023-06-04 15:33:31.748169',0,'',1)
COMMIT
DELETE FROM TASKS_AUX_WORKERS WHERE ID=0 AND RANGES='0, 1000' AND HEALTH_CHECK='2023-06-04 15:33:31.748169' AND EXCLUSIVE_MODE=0 AND NODE_GROUPS='' AND IS_ACTIVE=1
INSERT INTO TASKS_AUX_WORKERS VALUES(0,'0, 1000','2023-06-04 15:33:41.754893',0,'',1)
COMMIT
DELETE FROM TASKS_AUX_SCHEDULER WHERE ID='scheduler' AND LAST_ACTIVITY_TS='2023-06-04 15:33:31.749' AND VERSION=4
INSERT INTO TASKS_AUX_SCHEDULER VALUES('scheduler','2023-06-04 15:33:41.755',4)
COMMIT
DELETE FROM TASKS_AUX_WORKERS WHERE ID=0 AND RANGES='0, 1000' AND HEALTH_CHECK='2023-06-04 15:33:41.754893' AND EXCLUSIVE_MODE=0 AND NODE_GROUPS='' AND IS_ACTIVE=1
INSERT INTO TASKS_AUX_WORKERS VALUES(0,'0, 1000','2023-06-04 15:33:41.754893',0,'',1)
COMMIT
DELETE FROM TASKS_AUX_WORKERS WHERE ID=0 AND RANGES='0, 1000' AND HEALTH_CHECK='2023-06-04 15:33:41.754893' AND EXCLUSIVE_MODE=0 AND NODE_GROUPS='' AND IS_ACTIVE=1
INSERT INTO TASKS_AUX_WORKERS VALUES(0,'0, 1000','2023-06-04 15:33:51.759639',0,'',1)
COMMIT
DELETE FROM TASKS_AUX_SCHEDULER WHERE ID='scheduler' AND LAST_ACTIVITY_TS='2023-06-04 15:33:41.755' AND VERSION=4
INSERT INTO TASKS_AUX_SCHEDULER VALUES('scheduler','2023-06-04 15:33:51.760',4)
COMMIT
DELETE FROM TASKS_AUX_WORKERS WHERE ID=0 AND RANGES='0, 1000' AND HEALTH_CHECK='2023-06-04 15:33:51.759639' AND EXCLUSIVE_MODE=0 AND NODE_GROUPS='' AND IS_ACTIVE=1
INSERT INTO TASKS_AUX_WORKERS VALUES(0,'0, 1000','2023-06-04 15:33:51.759639',0,'',1)
COMMIT
DELETE FROM TASKS_AUX_WORKERS WHERE ID=0 AND RANGES='0, 1000' AND HEALTH_CHECK='2023-06-04 15:33:51.759639' AND EXCLUSIVE_MODE=0 AND NODE_GROUPS='' AND IS_ACTIVE=1
INSERT INTO TASKS_AUX_WORKERS VALUES(0,'0, 1000','2023-06-04 15:34:01.767649',0,'',1)
COMMIT
DELETE FROM TASKS_AUX_SCHEDULER WHERE ID='scheduler' AND LAST_ACTIVITY_TS='2023-06-04 15:33:51.760' AND VERSION=4
INSERT INTO TASKS_AUX_SCHEDULER VALUES('scheduler','2023-06-04 15:34:01.769',4)
COMMIT
DELETE FROM TASKS_AUX_WORKERS WHERE ID=0 AND RANGES='0, 1000' AND HEALTH_CHECK='2023-06-04 15:34:01.767649' AND EXCLUSIVE_MODE=0 AND NODE_GROUPS='' AND IS_ACTIVE=1
INSERT INTO TASKS_AUX_WORKERS VALUES(0,'0, 1000','2023-06-04 15:34:01.767649',0,'',1)
COMMIT
DELETE FROM TASKS_AUX_WORKERS WHERE ID=0 AND RANGES='0, 1000' AND HEALTH_CHECK='2023-06-04 15:34:01.767649' AND EXCLUSIVE_MODE=0 AND NODE_GROUPS='' AND IS_ACTIVE=1
INSERT INTO TASKS_AUX_WORKERS VALUES(0,'0, 1000','2023-06-04 15:34:11.777679',0,'',1)
COMMIT
DELETE FROM TASKS_AUX_SCHEDULER WHERE ID='scheduler' AND LAST_ACTIVITY_TS='2023-06-04 15:34:01.769' AND VERSION=4
INSERT INTO TASKS_AUX_SCHEDULER VALUES('scheduler','2023-06-04 15:34:11.779',4)
COMMIT
DELETE FROM TASKS_AUX_WORKERS WHERE ID=0 AND RANGES='0, 1000' AND HEALTH_CHECK='2023-06-04 15:34:11.777679' AND EXCLUSIVE_MODE=0 AND NODE_GROUPS='' AND IS_ACTIVE=1
INSERT INTO TASKS_AUX_WORKERS VALUES(0,'0, 1000','2023-06-04 15:34:11.777679',0,'',1)
COMMIT
DELETE FROM TASKS_AUX_WORKERS WHERE ID=0 AND RANGES='0, 1000' AND HEALTH_CHECK='2023-06-04 15:34:11.777679' AND EXCLUSIVE_MODE=0 AND NODE_GROUPS='' AND IS_ACTIVE=1
INSERT INTO TASKS_AUX_WORKERS VALUES(0,'0, 1000','2023-06-04 15:34:21.808113',0,'',1)
COMMIT
DELETE FROM TASKS_AUX_SCHEDULER WHERE ID='scheduler' AND LAST_ACTIVITY_TS='2023-06-04 15:34:11.779' AND VERSION=4
INSERT INTO TASKS_AUX_SCHEDULER VALUES('scheduler','2023-06-04 15:34:21.810',4)
COMMIT
DELETE FROM TASKS_AUX_WORKERS WHERE ID=0 AND RANGES='0, 1000' AND HEALTH_CHECK='2023-06-04 15:34:21.808113' AND EXCLUSIVE_MODE=0 AND NODE_GROUPS='' AND IS_ACTIVE=1
INSERT INTO TASKS_AUX_WORKERS VALUES(0,'0, 1000','2023-06-04 15:34:21.808113',0,'',1)
COMMIT
DELETE FROM TASKS_AUX_WORKERS WHERE ID=0 AND RANGES='0, 1000' AND HEALTH_CHECK='2023-06-04 15:34:21.808113' AND EXCLUSIVE_MODE=0 AND NODE_GROUPS='' AND IS_ACTIVE=1
INSERT INTO TASKS_AUX_WORKERS VALUES(0,'0, 1000','2023-06-04 15:34:31.816331',0,'',1)
COMMIT
DELETE FROM TASKS_AUX_SCHEDULER WHERE ID='scheduler' AND LAST_ACTIVITY_TS='2023-06-04 15:34:21.810' AND VERSION=4
INSERT INTO TASKS_AUX_SCHEDULER VALUES('scheduler','2023-06-04 15:34:31.818',4)
COMMIT
DELETE FROM TASKS_AUX_WORKERS WHERE ID=0 AND RANGES='0, 1000' AND HEALTH_CHECK='2023-06-04 15:34:31.816331' AND EXCLUSIVE_MODE=0 AND NODE_GROUPS='' AND IS_ACTIVE=1
INSERT INTO TASKS_AUX_WORKERS VALUES(0,'0, 1000','2023-06-04 15:34:31.816331',0,'',1)
COMMIT
DELETE FROM TASKS_AUX_WORKERS WHERE ID=0 AND RANGES='0, 1000' AND HEALTH_CHECK='2023-06-04 15:34:31.816331' AND EXCLUSIVE_MODE=0 AND NODE_GROUPS='' AND IS_ACTIVE=1
INSERT INTO TASKS_AUX_WORKERS VALUES(0,'0, 1000','2023-06-04 15:34:41.823813',0,'',1)
COMMIT
DELETE FROM TASKS_AUX_SCHEDULER WHERE ID='scheduler' AND LAST_ACTIVITY_TS='2023-06-04 15:34:31.818' AND VERSION=4
INSERT INTO TASKS_AUX_SCHEDULER VALUES('scheduler','2023-06-04 15:34:41.825',4)
COMMIT
DELETE FROM TASKS_AUX_WORKERS WHERE ID=0 AND RANGES='0, 1000' AND HEALTH_CHECK='2023-06-04 15:34:41.823813' AND EXCLUSIVE_MODE=0 AND NODE_GROUPS='' AND IS_ACTIVE=1
INSERT INTO TASKS_AUX_WORKERS VALUES(0,'0, 1000','2023-06-04 15:34:41.823813',0,'',1)
COMMIT
DELETE FROM TASKS_AUX_WORKERS WHERE ID=0 AND RANGES='0, 1000' AND HEALTH_CHECK='2023-06-04 15:34:41.823813' AND EXCLUSIVE_MODE=0 AND NODE_GROUPS='' AND IS_ACTIVE=1
INSERT INTO TASKS_AUX_WORKERS VALUES(0,'0, 1000','2023-06-04 15:34:51.831537',0,'',1)
COMMIT
DELETE FROM TASKS_AUX_SCHEDULER WHERE ID='scheduler' AND LAST_ACTIVITY_TS='2023-06-04 15:34:41.825' AND VERSION=4
INSERT INTO TASKS_AUX_SCHEDULER VALUES('scheduler','2023-06-04 15:34:51.832',4)
COMMIT
DELETE FROM TASKS_AUX_WORKERS WHERE ID=0 AND RANGES='0, 1000' AND HEALTH_CHECK='2023-06-04 15:34:51.831537' AND EXCLUSIVE_MODE=0 AND NODE_GROUPS='' AND IS_ACTIVE=1
INSERT INTO TASKS_AUX_WORKERS VALUES(0,'0, 1000','2023-06-04 15:34:51.831537',0,'',1)
COMMIT
/*C23*/DISCONNECT
/*C43*/SET SCHEMA PUBLIC
DISCONNECT
/*C45*/SET SCHEMA PUBLIC
DISCONNECT
/*C46*/SET SCHEMA PUBLIC
DISCONNECT
/*C47*/SET SCHEMA PUBLIC
DISCONNECT
/*C49*/SET SCHEMA PUBLIC
DISCONNECT
/*C48*/SET SCHEMA PUBLIC
DISCONNECT
/*C61*/SET SCHEMA PUBLIC
DELETE FROM TASKS_AUX_WORKERS WHERE ID=0 AND RANGES='0, 1000' AND HEALTH_CHECK='2023-06-04 15:34:51.831537' AND EXCLUSIVE_MODE=0 AND NODE_GROUPS='' AND IS_ACTIVE=1
INSERT INTO TASKS_AUX_WORKERS VALUES(0,'0, 1000','2023-06-04 15:35:01.839166',0,'',1)
COMMIT
DELETE FROM TASKS_AUX_SCHEDULER WHERE ID='scheduler' AND LAST_ACTIVITY_TS='2023-06-04 15:34:51.832' AND VERSION=4
INSERT INTO TASKS_AUX_SCHEDULER VALUES('scheduler','2023-06-04 15:35:01.840',4)
COMMIT
DELETE FROM TASKS_AUX_WORKERS WHERE ID=0 AND RANGES='0, 1000' AND HEALTH_CHECK='2023-06-04 15:35:01.839166' AND EXCLUSIVE_MODE=0 AND NODE_GROUPS='' AND IS_ACTIVE=1
INSERT INTO TASKS_AUX_WORKERS VALUES(0,'0, 1000','2023-06-04 15:35:01.839166',0,'',1)
COMMIT
/*C50*/SET SCHEMA PUBLIC
DISCONNECT
/*C51*/SET SCHEMA PUBLIC
DISCONNECT
/*C52*/SET SCHEMA PUBLIC
DISCONNECT
/*C44*/SET SCHEMA PUBLIC
DISCONNECT
/*C53*/SET SCHEMA PUBLIC
DISCONNECT
/*C54*/SET SCHEMA PUBLIC
DISCONNECT
/*C55*/SET SCHEMA PUBLIC
DISCONNECT
/*C56*/SET SCHEMA PUBLIC
DISCONNECT
/*C57*/SET SCHEMA PUBLIC
DISCONNECT
/*C59*/SET SCHEMA PUBLIC
DISCONNECT
/*C58*/SET SCHEMA PUBLIC
DISCONNECT
/*C61*/DELETE FROM TASKS_AUX_WORKERS WHERE ID=0 AND RANGES='0, 1000' AND HEALTH_CHECK='2023-06-04 15:35:01.839166' AND EXCLUSIVE_MODE=0 AND NODE_GROUPS='' AND IS_ACTIVE=1
INSERT INTO TASKS_AUX_WORKERS VALUES(0,'0, 1000','2023-06-04 15:35:11.846794',0,'',1)
COMMIT
DELETE FROM TASKS_AUX_SCHEDULER WHERE ID='scheduler' AND LAST_ACTIVITY_TS='2023-06-04 15:35:01.840' AND VERSION=4
INSERT INTO TASKS_AUX_SCHEDULER VALUES('scheduler','2023-06-04 15:35:11.848',4)
COMMIT
DELETE FROM TASKS_AUX_WORKERS WHERE ID=0 AND RANGES='0, 1000' AND HEALTH_CHECK='2023-06-04 15:35:11.846794' AND EXCLUSIVE_MODE=0 AND NODE_GROUPS='' AND IS_ACTIVE=1
INSERT INTO TASKS_AUX_WORKERS VALUES(0,'0, 1000','2023-06-04 15:35:11.846794',0,'',1)
COMMIT
/*C60*/SET SCHEMA PUBLIC
DISCONNECT
/*C61*/DELETE FROM TASKS_AUX_WORKERS WHERE ID=0 AND RANGES='0, 1000' AND HEALTH_CHECK='2023-06-04 15:35:11.846794' AND EXCLUSIVE_MODE=0 AND NODE_GROUPS='' AND IS_ACTIVE=1
INSERT INTO TASKS_AUX_WORKERS VALUES(0,'0, 1000','2023-06-04 15:35:21.854189',0,'',1)
COMMIT
DELETE FROM TASKS_AUX_SCHEDULER WHERE ID='scheduler' AND LAST_ACTIVITY_TS='2023-06-04 15:35:11.848' AND VERSION=4
INSERT INTO TASKS_AUX_SCHEDULER VALUES('scheduler','2023-06-04 15:35:21.855',4)
COMMIT
DELETE FROM TASKS_AUX_WORKERS WHERE ID=0 AND RANGES='0, 1000' AND HEALTH_CHECK='2023-06-04 15:35:21.854189' AND EXCLUSIVE_MODE=0 AND NODE_GROUPS='' AND IS_ACTIVE=1
INSERT INTO TASKS_AUX_WORKERS VALUES(0,'0, 1000','2023-06-04 15:35:21.854189',0,'',1)
COMMIT
DELETE FROM TASKS_AUX_WORKERS WHERE ID=0 AND RANGES='0, 1000' AND HEALTH_CHECK='2023-06-04 15:35:21.854189' AND EXCLUSIVE_MODE=0 AND NODE_GROUPS='' AND IS_ACTIVE=1
INSERT INTO TASKS_AUX_WORKERS VALUES(0,'0, 1000','2023-06-04 15:35:31.862916',0,'',1)
COMMIT
DELETE FROM TASKS_AUX_SCHEDULER WHERE ID='scheduler' AND LAST_ACTIVITY_TS='2023-06-04 15:35:21.855' AND VERSION=4
INSERT INTO TASKS_AUX_SCHEDULER VALUES('scheduler','2023-06-04 15:35:31.864',4)
COMMIT
DELETE FROM TASKS_AUX_WORKERS WHERE ID=0 AND RANGES='0, 1000' AND HEALTH_CHECK='2023-06-04 15:35:31.862916' AND EXCLUSIVE_MODE=0 AND NODE_GROUPS='' AND IS_ACTIVE=1
INSERT INTO TASKS_AUX_WORKERS VALUES(0,'0, 1000','2023-06-04 15:35:31.862916',0,'',1)
COMMIT
DELETE FROM TASKS_AUX_WORKERS WHERE ID=0 AND RANGES='0, 1000' AND HEALTH_CHECK='2023-06-04 15:35:31.862916' AND EXCLUSIVE_MODE=0 AND NODE_GROUPS='' AND IS_ACTIVE=1
INSERT INTO TASKS_AUX_WORKERS VALUES(0,'0, 1000','2023-06-04 15:35:41.870660',0,'',1)
COMMIT
DELETE FROM TASKS_AUX_SCHEDULER WHERE ID='scheduler' AND LAST_ACTIVITY_TS='2023-06-04 15:35:31.864' AND VERSION=4
INSERT INTO TASKS_AUX_SCHEDULER VALUES('scheduler','2023-06-04 15:35:41.871',4)
COMMIT
DELETE FROM TASKS_AUX_WORKERS WHERE ID=0 AND RANGES='0, 1000' AND HEALTH_CHECK='2023-06-04 15:35:41.870660' AND EXCLUSIVE_MODE=0 AND NODE_GROUPS='' AND IS_ACTIVE=1
INSERT INTO TASKS_AUX_WORKERS VALUES(0,'0, 1000','2023-06-04 15:35:41.870660',0,'',1)
COMMIT
DELETE FROM TASKS_AUX_WORKERS WHERE ID=0 AND RANGES='0, 1000' AND HEALTH_CHECK='2023-06-04 15:35:41.870660' AND EXCLUSIVE_MODE=0 AND NODE_GROUPS='' AND IS_ACTIVE=1
INSERT INTO TASKS_AUX_WORKERS VALUES(0,'0, 1000','2023-06-04 15:35:51.882942',0,'',1)
COMMIT
DELETE FROM TASKS_AUX_SCHEDULER WHERE ID='scheduler' AND LAST_ACTIVITY_TS='2023-06-04 15:35:41.871' AND VERSION=4
INSERT INTO TASKS_AUX_SCHEDULER VALUES('scheduler','2023-06-04 15:35:51.884',4)
COMMIT
DELETE FROM TASKS_AUX_WORKERS WHERE ID=0 AND RANGES='0, 1000' AND HEALTH_CHECK='2023-06-04 15:35:51.882942' AND EXCLUSIVE_MODE=0 AND NODE_GROUPS='' AND IS_ACTIVE=1
INSERT INTO TASKS_AUX_WORKERS VALUES(0,'0, 1000','2023-06-04 15:35:51.882942',0,'',1)
COMMIT
DELETE FROM TASKS_AUX_WORKERS WHERE ID=0 AND RANGES='0, 1000' AND HEALTH_CHECK='2023-06-04 15:35:51.882942' AND EXCLUSIVE_MODE=0 AND NODE_GROUPS='' AND IS_ACTIVE=1
INSERT INTO TASKS_AUX_WORKERS VALUES(0,'0, 1000','2023-06-04 15:36:01.890229',0,'',1)
COMMIT
DELETE FROM TASKS_AUX_SCHEDULER WHERE ID='scheduler' AND LAST_ACTIVITY_TS='2023-06-04 15:35:51.884' AND VERSION=4
INSERT INTO TASKS_AUX_SCHEDULER VALUES('scheduler','2023-06-04 15:36:01.891',4)
COMMIT
DELETE FROM TASKS_AUX_WORKERS WHERE ID=0 AND RANGES='0, 1000' AND HEALTH_CHECK='2023-06-04 15:36:01.890229' AND EXCLUSIVE_MODE=0 AND NODE_GROUPS='' AND IS_ACTIVE=1
INSERT INTO TASKS_AUX_WORKERS VALUES(0,'0, 1000','2023-06-04 15:36:01.890229',0,'',1)
COMMIT
DELETE FROM TASKS_AUX_WORKERS WHERE ID=0 AND RANGES='0, 1000' AND HEALTH_CHECK='2023-06-04 15:36:01.890229' AND EXCLUSIVE_MODE=0 AND NODE_GROUPS='' AND IS_ACTIVE=1
INSERT INTO TASKS_AUX_WORKERS VALUES(0,'0, 1000','2023-06-04 15:36:11.897854',0,'',1)
COMMIT
DELETE FROM TASKS_AUX_SCHEDULER WHERE ID='scheduler' AND LAST_ACTIVITY_TS='2023-06-04 15:36:01.891' AND VERSION=4
INSERT INTO TASKS_AUX_SCHEDULER VALUES('scheduler','2023-06-04 15:36:11.899',4)
COMMIT
DELETE FROM TASKS_AUX_WORKERS WHERE ID=0 AND RANGES='0, 1000' AND HEALTH_CHECK='2023-06-04 15:36:11.897854' AND EXCLUSIVE_MODE=0 AND NODE_GROUPS='' AND IS_ACTIVE=1
INSERT INTO TASKS_AUX_WORKERS VALUES(0,'0, 1000','2023-06-04 15:36:11.897854',0,'',1)
COMMIT
DELETE FROM TASKS_AUX_WORKERS WHERE ID=0 AND RANGES='0, 1000' AND HEALTH_CHECK='2023-06-04 15:36:11.897854' AND EXCLUSIVE_MODE=0 AND NODE_GROUPS='' AND IS_ACTIVE=1
INSERT INTO TASKS_AUX_WORKERS VALUES(0,'0, 1000','2023-06-04 15:36:21.904129',0,'',1)
COMMIT
DELETE FROM TASKS_AUX_SCHEDULER WHERE ID='scheduler' AND LAST_ACTIVITY_TS='2023-06-04 15:36:11.899' AND VERSION=4
INSERT INTO TASKS_AUX_SCHEDULER VALUES('scheduler','2023-06-04 15:36:21.904',4)
COMMIT
DELETE FROM TASKS_AUX_WORKERS WHERE ID=0 AND RANGES='0, 1000' AND HEALTH_CHECK='2023-06-04 15:36:21.904129' AND EXCLUSIVE_MODE=0 AND NODE_GROUPS='' AND IS_ACTIVE=1
INSERT INTO TASKS_AUX_WORKERS VALUES(0,'0, 1000','2023-06-04 15:36:21.904129',0,'',1)
COMMIT
DELETE FROM TASKS_AUX_WORKERS WHERE ID=0 AND RANGES='0, 1000' AND HEALTH_CHECK='2023-06-04 15:36:21.904129' AND EXCLUSIVE_MODE=0 AND NODE_GROUPS='' AND IS_ACTIVE=1
INSERT INTO TASKS_AUX_WORKERS VALUES(0,'0, 1000','2023-06-04 15:36:31.911655',0,'',1)
COMMIT
DELETE FROM TASKS_AUX_SCHEDULER WHERE ID='scheduler' AND LAST_ACTIVITY_TS='2023-06-04 15:36:21.904' AND VERSION=4
INSERT INTO TASKS_AUX_SCHEDULER VALUES('scheduler','2023-06-04 15:36:31.912',4)
COMMIT
DELETE FROM TASKS_AUX_WORKERS WHERE ID=0 AND RANGES='0, 1000' AND HEALTH_CHECK='2023-06-04 15:36:31.911655' AND EXCLUSIVE_MODE=0 AND NODE_GROUPS='' AND IS_ACTIVE=1
INSERT INTO TASKS_AUX_WORKERS VALUES(0,'0, 1000','2023-06-04 15:36:31.911655',0,'',1)
COMMIT
DELETE FROM TASKS_AUX_WORKERS WHERE ID=0 AND RANGES='0, 1000' AND HEALTH_CHECK='2023-06-04 15:36:31.911655' AND EXCLUSIVE_MODE=0 AND NODE_GROUPS='' AND IS_ACTIVE=1
INSERT INTO TASKS_AUX_WORKERS VALUES(0,'0, 1000','2023-06-04 15:36:41.918310',0,'',1)
COMMIT
DELETE FROM TASKS_AUX_SCHEDULER WHERE ID='scheduler' AND LAST_ACTIVITY_TS='2023-06-04 15:36:31.912' AND VERSION=4
INSERT INTO TASKS_AUX_SCHEDULER VALUES('scheduler','2023-06-04 15:36:41.918',4)
COMMIT
DELETE FROM TASKS_AUX_WORKERS WHERE ID=0 AND RANGES='0, 1000' AND HEALTH_CHECK='2023-06-04 15:36:41.918310' AND EXCLUSIVE_MODE=0 AND NODE_GROUPS='' AND IS_ACTIVE=1
INSERT INTO TASKS_AUX_WORKERS VALUES(0,'0, 1000','2023-06-04 15:36:41.918310',0,'',1)
COMMIT
DELETE FROM TASKS_AUX_WORKERS WHERE ID=0 AND RANGES='0, 1000' AND HEALTH_CHECK='2023-06-04 15:36:41.918310' AND EXCLUSIVE_MODE=0 AND NODE_GROUPS='' AND IS_ACTIVE=1
INSERT INTO TASKS_AUX_WORKERS VALUES(0,'0, 1000','2023-06-04 15:36:51.922976',0,'',1)
COMMIT
DELETE FROM TASKS_AUX_SCHEDULER WHERE ID='scheduler' AND LAST_ACTIVITY_TS='2023-06-04 15:36:41.918' AND VERSION=4
INSERT INTO TASKS_AUX_SCHEDULER VALUES('scheduler','2023-06-04 15:36:51.924',4)
COMMIT
DELETE FROM TASKS_AUX_WORKERS WHERE ID=0 AND RANGES='0, 1000' AND HEALTH_CHECK='2023-06-04 15:36:51.922976' AND EXCLUSIVE_MODE=0 AND NODE_GROUPS='' AND IS_ACTIVE=1
INSERT INTO TASKS_AUX_WORKERS VALUES(0,'0, 1000','2023-06-04 15:36:51.922976',0,'',1)
COMMIT
DELETE FROM TASKS_AUX_WORKERS WHERE ID=0 AND RANGES='0, 1000' AND HEALTH_CHECK='2023-06-04 15:36:51.922976' AND EXCLUSIVE_MODE=0 AND NODE_GROUPS='' AND IS_ACTIVE=1
INSERT INTO TASKS_AUX_WORKERS VALUES(0,'0, 1000','2023-06-04 15:37:01.935373',0,'',1)
COMMIT
DELETE FROM TASKS_AUX_SCHEDULER WHERE ID='scheduler' AND LAST_ACTIVITY_TS='2023-06-04 15:36:51.924' AND VERSION=4
INSERT INTO TASKS_AUX_SCHEDULER VALUES('scheduler','2023-06-04 15:37:01.936',4)
COMMIT
DELETE FROM TASKS_AUX_WORKERS WHERE ID=0 AND RANGES='0, 1000' AND HEALTH_CHECK='2023-06-04 15:37:01.935373' AND EXCLUSIVE_MODE=0 AND NODE_GROUPS='' AND IS_ACTIVE=1
INSERT INTO TASKS_AUX_WORKERS VALUES(0,'0, 1000','2023-06-04 15:37:01.935373',0,'',1)
COMMIT
DELETE FROM TASKS_AUX_WORKERS WHERE ID=0 AND RANGES='0, 1000' AND HEALTH_CHECK='2023-06-04 15:37:01.935373' AND EXCLUSIVE_MODE=0 AND NODE_GROUPS='' AND IS_ACTIVE=1
INSERT INTO TASKS_AUX_WORKERS VALUES(0,'0, 1000','2023-06-04 15:37:11.947471',0,'',1)
COMMIT
DELETE FROM TASKS_AUX_SCHEDULER WHERE ID='scheduler' AND LAST_ACTIVITY_TS='2023-06-04 15:37:01.936' AND VERSION=4
INSERT INTO TASKS_AUX_SCHEDULER VALUES('scheduler','2023-06-04 15:37:11.948',4)
COMMIT
DELETE FROM TASKS_AUX_WORKERS WHERE ID=0 AND RANGES='0, 1000' AND HEALTH_CHECK='2023-06-04 15:37:11.947471' AND EXCLUSIVE_MODE=0 AND NODE_GROUPS='' AND IS_ACTIVE=1
INSERT INTO TASKS_AUX_WORKERS VALUES(0,'0, 1000','2023-06-04 15:37:11.947471',0,'',1)
COMMIT
DELETE FROM TASKS_AUX_WORKERS WHERE ID=0 AND RANGES='0, 1000' AND HEALTH_CHECK='2023-06-04 15:37:11.947471' AND EXCLUSIVE_MODE=0 AND NODE_GROUPS='' AND IS_ACTIVE=1
INSERT INTO TASKS_AUX_WORKERS VALUES(0,'0, 1000','2023-06-04 15:37:21.954425',0,'',1)
COMMIT
DELETE FROM TASKS_AUX_SCHEDULER WHERE ID='scheduler' AND LAST_ACTIVITY_TS='2023-06-04 15:37:11.948' AND VERSION=4
INSERT INTO TASKS_AUX_SCHEDULER VALUES('scheduler','2023-06-04 15:37:21.955',4)
COMMIT
DELETE FROM TASKS_AUX_WORKERS WHERE ID=0 AND RANGES='0, 1000' AND HEALTH_CHECK='2023-06-04 15:37:21.954425' AND EXCLUSIVE_MODE=0 AND NODE_GROUPS='' AND IS_ACTIVE=1
INSERT INTO TASKS_AUX_WORKERS VALUES(0,'0, 1000','2023-06-04 15:37:21.954425',0,'',1)
COMMIT
DELETE FROM TASKS_AUX_WORKERS WHERE ID=0 AND RANGES='0, 1000' AND HEALTH_CHECK='2023-06-04 15:37:21.954425' AND EXCLUSIVE_MODE=0 AND NODE_GROUPS='' AND IS_ACTIVE=1
INSERT INTO TASKS_AUX_WORKERS VALUES(0,'0, 1000','2023-06-04 15:37:31.963585',0,'',1)
COMMIT
DELETE FROM TASKS_AUX_SCHEDULER WHERE ID='scheduler' AND LAST_ACTIVITY_TS='2023-06-04 15:37:21.955' AND VERSION=4
INSERT INTO TASKS_AUX_SCHEDULER VALUES('scheduler','2023-06-04 15:37:31.964',4)
COMMIT
DELETE FROM TASKS_AUX_WORKERS WHERE ID=0 AND RANGES='0, 1000' AND HEALTH_CHECK='2023-06-04 15:37:31.963585' AND EXCLUSIVE_MODE=0 AND NODE_GROUPS='' AND IS_ACTIVE=1
INSERT INTO TASKS_AUX_WORKERS VALUES(0,'0, 1000','2023-06-04 15:37:31.963585',0,'',1)
COMMIT
DELETE FROM TASKS_AUX_WORKERS WHERE ID=0 AND RANGES='0, 1000' AND HEALTH_CHECK='2023-06-04 15:37:31.963585' AND EXCLUSIVE_MODE=0 AND NODE_GROUPS='' AND IS_ACTIVE=1
INSERT INTO TASKS_AUX_WORKERS VALUES(0,'0, 1000','2023-06-04 15:37:41.970863',0,'',1)
COMMIT
DELETE FROM TASKS_AUX_SCHEDULER WHERE ID='scheduler' AND LAST_ACTIVITY_TS='2023-06-04 15:37:31.964' AND VERSION=4
INSERT INTO TASKS_AUX_SCHEDULER VALUES('scheduler','2023-06-04 15:37:41.971',4)
COMMIT
DELETE FROM TASKS_AUX_WORKERS WHERE ID=0 AND RANGES='0, 1000' AND HEALTH_CHECK='2023-06-04 15:37:41.970863' AND EXCLUSIVE_MODE=0 AND NODE_GROUPS='' AND IS_ACTIVE=1
INSERT INTO TASKS_AUX_WORKERS VALUES(0,'0, 1000','2023-06-04 15:37:41.970863',0,'',1)
COMMIT
DELETE FROM TASKS_AUX_WORKERS WHERE ID=0 AND RANGES='0, 1000' AND HEALTH_CHECK='2023-06-04 15:37:41.970863' AND EXCLUSIVE_MODE=0 AND NODE_GROUPS='' AND IS_ACTIVE=1
INSERT INTO TASKS_AUX_WORKERS VALUES(0,'0, 1000','2023-06-04 15:37:51.975025',0,'',1)
COMMIT
DELETE FROM TASKS_AUX_SCHEDULER WHERE ID='scheduler' AND LAST_ACTIVITY_TS='2023-06-04 15:37:41.971' AND VERSION=4
INSERT INTO TASKS_AUX_SCHEDULER VALUES('scheduler','2023-06-04 15:37:51.975',4)
COMMIT
DELETE FROM TASKS_AUX_WORKERS WHERE ID=0 AND RANGES='0, 1000' AND HEALTH_CHECK='2023-06-04 15:37:51.975025' AND EXCLUSIVE_MODE=0 AND NODE_GROUPS='' AND IS_ACTIVE=1
INSERT INTO TASKS_AUX_WORKERS VALUES(0,'0, 1000','2023-06-04 15:37:51.975025',0,'',1)
COMMIT
DELETE FROM TASKS_AUX_WORKERS WHERE ID=0 AND RANGES='0, 1000' AND HEALTH_CHECK='2023-06-04 15:37:51.975025' AND EXCLUSIVE_MODE=0 AND NODE_GROUPS='' AND IS_ACTIVE=1
INSERT INTO TASKS_AUX_WORKERS VALUES(0,'0, 1000','2023-06-04 15:38:01.980145',0,'',1)
COMMIT
DELETE FROM TASKS_AUX_SCHEDULER WHERE ID='scheduler' AND LAST_ACTIVITY_TS='2023-06-04 15:37:51.975' AND VERSION=4
INSERT INTO TASKS_AUX_SCHEDULER VALUES('scheduler','2023-06-04 15:38:01.981',4)
COMMIT
DELETE FROM TASKS_AUX_WORKERS WHERE ID=0 AND RANGES='0, 1000' AND HEALTH_CHECK='2023-06-04 15:38:01.980145' AND EXCLUSIVE_MODE=0 AND NODE_GROUPS='' AND IS_ACTIVE=1
INSERT INTO TASKS_AUX_WORKERS VALUES(0,'0, 1000','2023-06-04 15:38:01.980145',0,'',1)
COMMIT
DELETE FROM TASKS_AUX_WORKERS WHERE ID=0 AND RANGES='0, 1000' AND HEALTH_CHECK='2023-06-04 15:38:01.980145' AND EXCLUSIVE_MODE=0 AND NODE_GROUPS='' AND IS_ACTIVE=1
INSERT INTO TASKS_AUX_WORKERS VALUES(0,'0, 1000','2023-06-04 15:38:11.993526',0,'',1)
COMMIT
DELETE FROM TASKS_AUX_SCHEDULER WHERE ID='scheduler' AND LAST_ACTIVITY_TS='2023-06-04 15:38:01.981' AND VERSION=4
INSERT INTO TASKS_AUX_SCHEDULER VALUES('scheduler','2023-06-04 15:38:11.994',4)
COMMIT
DELETE FROM TASKS_AUX_WORKERS WHERE ID=0 AND RANGES='0, 1000' AND HEALTH_CHECK='2023-06-04 15:38:11.993526' AND EXCLUSIVE_MODE=0 AND NODE_GROUPS='' AND IS_ACTIVE=1
INSERT INTO TASKS_AUX_WORKERS VALUES(0,'0, 1000','2023-06-04 15:38:11.993526',0,'',1)
COMMIT
